{"__type":"$$EventMessageWorkflow","id":"344e4c2e-758c-4a85-aa05-d7bd840996a1","ts":"2026-01-28T06:45:11.065+00:00","eventName":"n8n.workflow.started","message":"n8n.workflow.started","payload":{"executionId":"11","workflowId":"PaVQk8c4eXaVDlNCBa2Nt","isManual":false,"workflowName":"Task_Test"}}
{"__type":"$$EventMessageConfirm","confirm":"344e4c2e-758c-4a85-aa05-d7bd840996a1","ts":"2026-01-28T06:45:11.066+00:00","source":{"id":"0","name":"eventBus"}}
{"__type":"$$EventMessageAudit","id":"7f716578-2aeb-4975-bbe1-757151e9b5b4","ts":"2026-01-28T06:45:11.066+00:00","eventName":"n8n.audit.workflow.executed","message":"n8n.audit.workflow.executed","payload":{"workflowId":"PaVQk8c4eXaVDlNCBa2Nt","workflowName":"Task_Test","executionId":"11","source":"trigger"}}
{"__type":"$$EventMessageConfirm","confirm":"7f716578-2aeb-4975-bbe1-757151e9b5b4","ts":"2026-01-28T06:45:11.066+00:00","source":{"id":"0","name":"eventBus"}}
{"__type":"$$EventMessageNode","id":"e18afd3f-3bdd-4383-a0d6-8ec268df91dc","ts":"2026-01-28T06:45:11.066+00:00","eventName":"n8n.node.started","message":"n8n.node.started","payload":{"workflowId":"PaVQk8c4eXaVDlNCBa2Nt","workflowName":"Task_Test","executionId":"11","nodeType":"n8n-nodes-base.scheduleTrigger","nodeName":"Schedule Trigger","nodeId":"7f67ee83-9f19-493f-8750-55936c1960b8"}}
{"__type":"$$EventMessageConfirm","confirm":"e18afd3f-3bdd-4383-a0d6-8ec268df91dc","ts":"2026-01-28T06:45:11.066+00:00","source":{"id":"0","name":"eventBus"}}
{"__type":"$$EventMessageNode","id":"7cc151e4-e953-43b4-bf30-aa1b4666531e","ts":"2026-01-28T06:45:11.067+00:00","eventName":"n8n.node.finished","message":"n8n.node.finished","payload":{"workflowId":"PaVQk8c4eXaVDlNCBa2Nt","workflowName":"Task_Test","executionId":"11","nodeType":"n8n-nodes-base.scheduleTrigger","nodeName":"Schedule Trigger","nodeId":"7f67ee83-9f19-493f-8750-55936c1960b8"}}
{"__type":"$$EventMessageConfirm","confirm":"7cc151e4-e953-43b4-bf30-aa1b4666531e","ts":"2026-01-28T06:45:11.067+00:00","source":{"id":"0","name":"eventBus"}}
{"__type":"$$EventMessageNode","id":"6230898d-2a9c-4571-974c-3577b11713ff","ts":"2026-01-28T06:45:11.068+00:00","eventName":"n8n.node.started","message":"n8n.node.started","payload":{"workflowId":"PaVQk8c4eXaVDlNCBa2Nt","workflowName":"Task_Test","executionId":"11","nodeType":"n8n-nodes-base.code","nodeName":"Code in JavaScript","nodeId":"cf876ac9-535d-4f5b-a1f4-f253da50aba8"}}
{"__type":"$$EventMessageConfirm","confirm":"6230898d-2a9c-4571-974c-3577b11713ff","ts":"2026-01-28T06:45:11.068+00:00","source":{"id":"0","name":"eventBus"}}
{"__type":"$$EventMessageRunner","id":"0bd2f4cb-b764-470a-a51b-c193d2f25930","ts":"2026-01-28T06:45:11.071+00:00","eventName":"n8n.runner.task.requested","message":"n8n.runner.task.requested","payload":{"taskId":"O7KbCPG0","nodeId":"cf876ac9-535d-4f5b-a1f4-f253da50aba8","workflowId":"PaVQk8c4eXaVDlNCBa2Nt","executionId":"11"}}
{"__type":"$$EventMessageConfirm","confirm":"0bd2f4cb-b764-470a-a51b-c193d2f25930","ts":"2026-01-28T06:45:11.071+00:00","source":{"id":"0","name":"eventBus"}}
{"__type":"$$EventMessageRunner","id":"20fa52fa-5fa3-4495-bdf6-a15ddc29bb95","ts":"2026-01-28T06:45:11.109+00:00","eventName":"n8n.runner.response.received","message":"n8n.runner.response.received","payload":{"taskId":"O7KbCPG0","nodeId":"cf876ac9-535d-4f5b-a1f4-f253da50aba8","workflowId":"PaVQk8c4eXaVDlNCBa2Nt","executionId":"11"}}
{"__type":"$$EventMessageConfirm","confirm":"20fa52fa-5fa3-4495-bdf6-a15ddc29bb95","ts":"2026-01-28T06:45:11.109+00:00","source":{"id":"0","name":"eventBus"}}
{"__type":"$$EventMessageNode","id":"54ce19f7-0960-4a46-88e0-23244113a5cd","ts":"2026-01-28T06:45:11.110+00:00","eventName":"n8n.node.finished","message":"n8n.node.finished","payload":{"workflowId":"PaVQk8c4eXaVDlNCBa2Nt","workflowName":"Task_Test","executionId":"11","nodeType":"n8n-nodes-base.code","nodeName":"Code in JavaScript","nodeId":"cf876ac9-535d-4f5b-a1f4-f253da50aba8"}}
{"__type":"$$EventMessageConfirm","confirm":"54ce19f7-0960-4a46-88e0-23244113a5cd","ts":"2026-01-28T06:45:11.110+00:00","source":{"id":"0","name":"eventBus"}}
{"__type":"$$EventMessageWorkflow","id":"7474b06a-771e-4a60-b798-3cb5f2e01746","ts":"2026-01-28T06:45:11.111+00:00","eventName":"n8n.workflow.success","message":"n8n.workflow.success","payload":{"executionId":"11","success":true,"isManual":false,"workflowId":"PaVQk8c4eXaVDlNCBa2Nt","workflowName":"Task_Test"}}
{"__type":"$$EventMessageConfirm","confirm":"7474b06a-771e-4a60-b798-3cb5f2e01746","ts":"2026-01-28T06:45:11.111+00:00","source":{"id":"0","name":"eventBus"}}
{"__type":"$$EventMessageAudit","id":"5fa013aa-74bb-4f8b-954f-c563add7a771","ts":"2026-01-28T06:46:14.102+00:00","eventName":"n8n.audit.workflow.updated","message":"n8n.audit.workflow.updated","payload":{"userId":"299f8590-3bfc-4e07-a09b-a0904ca242d6","_email":"grefith.gohel@e2m.solutions","_firstName":"Grefith","_lastName":"Gohel","globalRole":"global:owner","workflowId":"PaVQk8c4eXaVDlNCBa2Nt","workflowName":"Task_Test"}}
{"__type":"$$EventMessageConfirm","confirm":"5fa013aa-74bb-4f8b-954f-c563add7a771","ts":"2026-01-28T06:46:14.103+00:00","source":{"id":"0","name":"eventBus"}}
{"__type":"$$EventMessageAudit","id":"635cb332-ca11-4003-8cd1-11dcb37653d4","ts":"2026-01-28T06:46:23.172+00:00","eventName":"n8n.audit.workflow.updated","message":"n8n.audit.workflow.updated","payload":{"userId":"299f8590-3bfc-4e07-a09b-a0904ca242d6","_email":"grefith.gohel@e2m.solutions","_firstName":"Grefith","_lastName":"Gohel","globalRole":"global:owner","workflowId":"PaVQk8c4eXaVDlNCBa2Nt","workflowName":"Task_Test"}}
{"__type":"$$EventMessageConfirm","confirm":"635cb332-ca11-4003-8cd1-11dcb37653d4","ts":"2026-01-28T06:46:23.172+00:00","source":{"id":"0","name":"eventBus"}}
{"__type":"$$EventMessageAudit","id":"25586fd3-ba5f-4edf-87e9-e68ab3bef1d3","ts":"2026-01-28T06:46:25.291+00:00","eventName":"n8n.audit.workflow.updated","message":"n8n.audit.workflow.updated","payload":{"userId":"299f8590-3bfc-4e07-a09b-a0904ca242d6","_email":"grefith.gohel@e2m.solutions","_firstName":"Grefith","_lastName":"Gohel","globalRole":"global:owner","workflowId":"PaVQk8c4eXaVDlNCBa2Nt","workflowName":"Task_Test"}}
{"__type":"$$EventMessageConfirm","confirm":"25586fd3-ba5f-4edf-87e9-e68ab3bef1d3","ts":"2026-01-28T06:46:25.292+00:00","source":{"id":"0","name":"eventBus"}}
{"__type":"$$EventMessageAudit","id":"f13aa5d9-8b75-4cba-9ddd-652f91c658d5","ts":"2026-01-28T06:46:39.052+00:00","eventName":"n8n.audit.workflow.updated","message":"n8n.audit.workflow.updated","payload":{"userId":"299f8590-3bfc-4e07-a09b-a0904ca242d6","_email":"grefith.gohel@e2m.solutions","_firstName":"Grefith","_lastName":"Gohel","globalRole":"global:owner","workflowId":"PaVQk8c4eXaVDlNCBa2Nt","workflowName":"Task_Test"}}
{"__type":"$$EventMessageConfirm","confirm":"f13aa5d9-8b75-4cba-9ddd-652f91c658d5","ts":"2026-01-28T06:46:39.052+00:00","source":{"id":"0","name":"eventBus"}}
{"__type":"$$EventMessageAudit","id":"a4145fc1-2be4-42f6-b476-e8e6089ba64b","ts":"2026-01-28T06:46:40.702+00:00","eventName":"n8n.audit.workflow.updated","message":"n8n.audit.workflow.updated","payload":{"userId":"299f8590-3bfc-4e07-a09b-a0904ca242d6","_email":"grefith.gohel@e2m.solutions","_firstName":"Grefith","_lastName":"Gohel","globalRole":"global:owner","workflowId":"PaVQk8c4eXaVDlNCBa2Nt","workflowName":"Task_Test"}}
{"__type":"$$EventMessageConfirm","confirm":"a4145fc1-2be4-42f6-b476-e8e6089ba64b","ts":"2026-01-28T06:46:40.702+00:00","source":{"id":"0","name":"eventBus"}}
{"__type":"$$EventMessageWorkflow","id":"2e559a0c-0fdb-4f15-81eb-88d7fa819df2","ts":"2026-01-28T06:50:11.034+00:00","eventName":"n8n.workflow.started","message":"n8n.workflow.started","payload":{"executionId":"12","workflowId":"PaVQk8c4eXaVDlNCBa2Nt","isManual":false,"workflowName":"Task_Test"}}
{"__type":"$$EventMessageConfirm","confirm":"2e559a0c-0fdb-4f15-81eb-88d7fa819df2","ts":"2026-01-28T06:50:11.034+00:00","source":{"id":"0","name":"eventBus"}}
{"__type":"$$EventMessageAudit","id":"2be2c72f-ca61-4336-957d-aacac73b7523","ts":"2026-01-28T06:50:11.034+00:00","eventName":"n8n.audit.workflow.executed","message":"n8n.audit.workflow.executed","payload":{"workflowId":"PaVQk8c4eXaVDlNCBa2Nt","workflowName":"Task_Test","executionId":"12","source":"trigger"}}
{"__type":"$$EventMessageConfirm","confirm":"2be2c72f-ca61-4336-957d-aacac73b7523","ts":"2026-01-28T06:50:11.034+00:00","source":{"id":"0","name":"eventBus"}}
{"__type":"$$EventMessageNode","id":"5aefac39-e74f-46e3-bcbd-ca1741d0db55","ts":"2026-01-28T06:50:11.034+00:00","eventName":"n8n.node.started","message":"n8n.node.started","payload":{"workflowId":"PaVQk8c4eXaVDlNCBa2Nt","workflowName":"Task_Test","executionId":"12","nodeType":"n8n-nodes-base.scheduleTrigger","nodeName":"Schedule Trigger","nodeId":"7f67ee83-9f19-493f-8750-55936c1960b8"}}
{"__type":"$$EventMessageConfirm","confirm":"5aefac39-e74f-46e3-bcbd-ca1741d0db55","ts":"2026-01-28T06:50:11.034+00:00","source":{"id":"0","name":"eventBus"}}
{"__type":"$$EventMessageNode","id":"33c85409-7a12-48fd-b20a-547e537b500c","ts":"2026-01-28T06:50:11.035+00:00","eventName":"n8n.node.finished","message":"n8n.node.finished","payload":{"workflowId":"PaVQk8c4eXaVDlNCBa2Nt","workflowName":"Task_Test","executionId":"12","nodeType":"n8n-nodes-base.scheduleTrigger","nodeName":"Schedule Trigger","nodeId":"7f67ee83-9f19-493f-8750-55936c1960b8"}}
{"__type":"$$EventMessageConfirm","confirm":"33c85409-7a12-48fd-b20a-547e537b500c","ts":"2026-01-28T06:50:11.035+00:00","source":{"id":"0","name":"eventBus"}}
{"__type":"$$EventMessageNode","id":"f4ec515f-5842-4b2a-80bc-c05010a71571","ts":"2026-01-28T06:50:11.035+00:00","eventName":"n8n.node.started","message":"n8n.node.started","payload":{"workflowId":"PaVQk8c4eXaVDlNCBa2Nt","workflowName":"Task_Test","executionId":"12","nodeType":"n8n-nodes-base.code","nodeName":"Code in JavaScript","nodeId":"cf876ac9-535d-4f5b-a1f4-f253da50aba8"}}
{"__type":"$$EventMessageConfirm","confirm":"f4ec515f-5842-4b2a-80bc-c05010a71571","ts":"2026-01-28T06:50:11.035+00:00","source":{"id":"0","name":"eventBus"}}
{"__type":"$$EventMessageRunner","id":"735d5070-d73a-40c7-a05c-4c46a739cd79","ts":"2026-01-28T06:50:11.036+00:00","eventName":"n8n.runner.task.requested","message":"n8n.runner.task.requested","payload":{"taskId":"I4GTo9ZS","nodeId":"cf876ac9-535d-4f5b-a1f4-f253da50aba8","workflowId":"PaVQk8c4eXaVDlNCBa2Nt","executionId":"12"}}
{"__type":"$$EventMessageConfirm","confirm":"735d5070-d73a-40c7-a05c-4c46a739cd79","ts":"2026-01-28T06:50:11.036+00:00","source":{"id":"0","name":"eventBus"}}
{"__type":"$$EventMessageRunner","id":"b0fd0ddf-7de5-40d6-9812-908e17550a6a","ts":"2026-01-28T06:50:11.041+00:00","eventName":"n8n.runner.response.received","message":"n8n.runner.response.received","payload":{"taskId":"I4GTo9ZS","nodeId":"cf876ac9-535d-4f5b-a1f4-f253da50aba8","workflowId":"PaVQk8c4eXaVDlNCBa2Nt","executionId":"12"}}
{"__type":"$$EventMessageConfirm","confirm":"b0fd0ddf-7de5-40d6-9812-908e17550a6a","ts":"2026-01-28T06:50:11.041+00:00","source":{"id":"0","name":"eventBus"}}
{"__type":"$$EventMessageNode","id":"d5efe69e-72d6-4c4e-a1ca-bc93914fdb70","ts":"2026-01-28T06:50:11.041+00:00","eventName":"n8n.node.finished","message":"n8n.node.finished","payload":{"workflowId":"PaVQk8c4eXaVDlNCBa2Nt","workflowName":"Task_Test","executionId":"12","nodeType":"n8n-nodes-base.code","nodeName":"Code in JavaScript","nodeId":"cf876ac9-535d-4f5b-a1f4-f253da50aba8"}}
{"__type":"$$EventMessageConfirm","confirm":"d5efe69e-72d6-4c4e-a1ca-bc93914fdb70","ts":"2026-01-28T06:50:11.041+00:00","source":{"id":"0","name":"eventBus"}}
{"__type":"$$EventMessageWorkflow","id":"c8b2d301-dee3-405e-85af-2689f4080c50","ts":"2026-01-28T06:50:11.041+00:00","eventName":"n8n.workflow.success","message":"n8n.workflow.success","payload":{"executionId":"12","success":true,"isManual":false,"workflowId":"PaVQk8c4eXaVDlNCBa2Nt","workflowName":"Task_Test"}}
{"__type":"$$EventMessageConfirm","confirm":"c8b2d301-dee3-405e-85af-2689f4080c50","ts":"2026-01-28T06:50:11.041+00:00","source":{"id":"0","name":"eventBus"}}
{"__type":"$$EventMessageWorkflow","id":"773ad5d5-8110-4ab1-a0f8-525d757aa85c","ts":"2026-01-28T06:55:11.107+00:00","eventName":"n8n.workflow.started","message":"n8n.workflow.started","payload":{"executionId":"13","workflowId":"PaVQk8c4eXaVDlNCBa2Nt","isManual":false,"workflowName":"Task_Test"}}
{"__type":"$$EventMessageConfirm","confirm":"773ad5d5-8110-4ab1-a0f8-525d757aa85c","ts":"2026-01-28T06:55:11.107+00:00","source":{"id":"0","name":"eventBus"}}
{"__type":"$$EventMessageAudit","id":"9c433f86-b230-41e6-b030-8b81a65df5ff","ts":"2026-01-28T06:55:11.107+00:00","eventName":"n8n.audit.workflow.executed","message":"n8n.audit.workflow.executed","payload":{"workflowId":"PaVQk8c4eXaVDlNCBa2Nt","workflowName":"Task_Test","executionId":"13","source":"trigger"}}
{"__type":"$$EventMessageConfirm","confirm":"9c433f86-b230-41e6-b030-8b81a65df5ff","ts":"2026-01-28T06:55:11.107+00:00","source":{"id":"0","name":"eventBus"}}
{"__type":"$$EventMessageNode","id":"a3d8828a-8186-4a6b-8d3d-fbc4d681accc","ts":"2026-01-28T06:55:11.107+00:00","eventName":"n8n.node.started","message":"n8n.node.started","payload":{"workflowId":"PaVQk8c4eXaVDlNCBa2Nt","workflowName":"Task_Test","executionId":"13","nodeType":"n8n-nodes-base.scheduleTrigger","nodeName":"Schedule Trigger","nodeId":"7f67ee83-9f19-493f-8750-55936c1960b8"}}
{"__type":"$$EventMessageConfirm","confirm":"a3d8828a-8186-4a6b-8d3d-fbc4d681accc","ts":"2026-01-28T06:55:11.107+00:00","source":{"id":"0","name":"eventBus"}}
{"__type":"$$EventMessageNode","id":"325973b0-da66-443d-b437-9f928e321ee2","ts":"2026-01-28T06:55:11.107+00:00","eventName":"n8n.node.finished","message":"n8n.node.finished","payload":{"workflowId":"PaVQk8c4eXaVDlNCBa2Nt","workflowName":"Task_Test","executionId":"13","nodeType":"n8n-nodes-base.scheduleTrigger","nodeName":"Schedule Trigger","nodeId":"7f67ee83-9f19-493f-8750-55936c1960b8"}}
{"__type":"$$EventMessageConfirm","confirm":"325973b0-da66-443d-b437-9f928e321ee2","ts":"2026-01-28T06:55:11.107+00:00","source":{"id":"0","name":"eventBus"}}
{"__type":"$$EventMessageNode","id":"567e513d-74d5-4c83-8be8-82589c7e72f7","ts":"2026-01-28T06:55:11.107+00:00","eventName":"n8n.node.started","message":"n8n.node.started","payload":{"workflowId":"PaVQk8c4eXaVDlNCBa2Nt","workflowName":"Task_Test","executionId":"13","nodeType":"n8n-nodes-base.code","nodeName":"Code in JavaScript","nodeId":"cf876ac9-535d-4f5b-a1f4-f253da50aba8"}}
{"__type":"$$EventMessageConfirm","confirm":"567e513d-74d5-4c83-8be8-82589c7e72f7","ts":"2026-01-28T06:55:11.107+00:00","source":{"id":"0","name":"eventBus"}}
{"__type":"$$EventMessageRunner","id":"0eec569c-2702-43d5-9001-28ae81ef01f8","ts":"2026-01-28T06:55:11.109+00:00","eventName":"n8n.runner.task.requested","message":"n8n.runner.task.requested","payload":{"taskId":"xz82Ukc7","nodeId":"cf876ac9-535d-4f5b-a1f4-f253da50aba8","workflowId":"PaVQk8c4eXaVDlNCBa2Nt","executionId":"13"}}
{"__type":"$$EventMessageConfirm","confirm":"0eec569c-2702-43d5-9001-28ae81ef01f8","ts":"2026-01-28T06:55:11.109+00:00","source":{"id":"0","name":"eventBus"}}
{"__type":"$$EventMessageRunner","id":"5dce8f26-b464-41e7-a658-159ac7d3eec2","ts":"2026-01-28T06:55:11.113+00:00","eventName":"n8n.runner.response.received","message":"n8n.runner.response.received","payload":{"taskId":"xz82Ukc7","nodeId":"cf876ac9-535d-4f5b-a1f4-f253da50aba8","workflowId":"PaVQk8c4eXaVDlNCBa2Nt","executionId":"13"}}
{"__type":"$$EventMessageConfirm","confirm":"5dce8f26-b464-41e7-a658-159ac7d3eec2","ts":"2026-01-28T06:55:11.113+00:00","source":{"id":"0","name":"eventBus"}}
{"__type":"$$EventMessageNode","id":"00ac316d-376e-4cd4-b64e-56452b9c3c42","ts":"2026-01-28T06:55:11.113+00:00","eventName":"n8n.node.finished","message":"n8n.node.finished","payload":{"workflowId":"PaVQk8c4eXaVDlNCBa2Nt","workflowName":"Task_Test","executionId":"13","nodeType":"n8n-nodes-base.code","nodeName":"Code in JavaScript","nodeId":"cf876ac9-535d-4f5b-a1f4-f253da50aba8"}}
{"__type":"$$EventMessageConfirm","confirm":"00ac316d-376e-4cd4-b64e-56452b9c3c42","ts":"2026-01-28T06:55:11.113+00:00","source":{"id":"0","name":"eventBus"}}
{"__type":"$$EventMessageWorkflow","id":"e5f0a048-5454-40cf-832f-ae84aab0d0b2","ts":"2026-01-28T06:55:11.113+00:00","eventName":"n8n.workflow.success","message":"n8n.workflow.success","payload":{"executionId":"13","success":true,"isManual":false,"workflowId":"PaVQk8c4eXaVDlNCBa2Nt","workflowName":"Task_Test"}}
{"__type":"$$EventMessageConfirm","confirm":"e5f0a048-5454-40cf-832f-ae84aab0d0b2","ts":"2026-01-28T06:55:11.113+00:00","source":{"id":"0","name":"eventBus"}}
{"__type":"$$EventMessageAudit","id":"e66188b7-aa5e-41e0-9674-651aefc0acb5","ts":"2026-01-28T06:55:55.534+00:00","eventName":"n8n.audit.user.credentials.created","message":"n8n.audit.user.credentials.created","payload":{"userId":"299f8590-3bfc-4e07-a09b-a0904ca242d6","_email":"grefith.gohel@e2m.solutions","_firstName":"Grefith","_lastName":"Gohel","globalRole":"global:owner","credentialType":"slackApi","credentialId":"RkC6vatGscsD0zmt","publicApi":false,"projectId":"0MEZvZP5QJMCi1R2","projectType":"personal"}}
{"__type":"$$EventMessageConfirm","confirm":"e66188b7-aa5e-41e0-9674-651aefc0acb5","ts":"2026-01-28T06:55:55.534+00:00","source":{"id":"0","name":"eventBus"}}
{"__type":"$$EventMessageAudit","id":"843fcf26-9562-4917-97a1-4508db06a903","ts":"2026-01-28T01:55:57.160-05:00","eventName":"n8n.audit.workflow.updated","message":"n8n.audit.workflow.updated","payload":{"userId":"299f8590-3bfc-4e07-a09b-a0904ca242d6","_email":"grefith.gohel@e2m.solutions","_firstName":"Grefith","_lastName":"Gohel","globalRole":"global:owner","workflowId":"PaVQk8c4eXaVDlNCBa2Nt","workflowName":"Task_Test"}}
{"__type":"$$EventMessageConfirm","confirm":"843fcf26-9562-4917-97a1-4508db06a903","ts":"2026-01-28T01:55:57.160-05:00","source":{"id":"0","name":"eventBus"}}
{"__type":"$$EventMessageAudit","id":"145849dc-4e9e-43f4-a4d6-c75a7081786e","ts":"2026-01-28T01:56:07.820-05:00","eventName":"n8n.audit.workflow.updated","message":"n8n.audit.workflow.updated","payload":{"userId":"299f8590-3bfc-4e07-a09b-a0904ca242d6","_email":"grefith.gohel@e2m.solutions","_firstName":"Grefith","_lastName":"Gohel","globalRole":"global:owner","workflowId":"PaVQk8c4eXaVDlNCBa2Nt","workflowName":"Task_Test"}}
{"__type":"$$EventMessageConfirm","confirm":"145849dc-4e9e-43f4-a4d6-c75a7081786e","ts":"2026-01-28T01:56:07.821-05:00","source":{"id":"0","name":"eventBus"}}
{"__type":"$$EventMessageAudit","id":"bbaa1483-0c08-435c-b9fc-dcdfa8776af0","ts":"2026-01-28T01:56:11.225-05:00","eventName":"n8n.audit.workflow.updated","message":"n8n.audit.workflow.updated","payload":{"userId":"299f8590-3bfc-4e07-a09b-a0904ca242d6","_email":"grefith.gohel@e2m.solutions","_firstName":"Grefith","_lastName":"Gohel","globalRole":"global:owner","workflowId":"PaVQk8c4eXaVDlNCBa2Nt","workflowName":"Task_Test"}}
{"__type":"$$EventMessageConfirm","confirm":"bbaa1483-0c08-435c-b9fc-dcdfa8776af0","ts":"2026-01-28T01:56:11.225-05:00","source":{"id":"0","name":"eventBus"}}
{"__type":"$$EventMessageAudit","id":"02f169f1-72bb-4d04-8f2b-a4746dd5b47e","ts":"2026-01-28T01:56:17.513-05:00","eventName":"n8n.audit.workflow.updated","message":"n8n.audit.workflow.updated","payload":{"userId":"299f8590-3bfc-4e07-a09b-a0904ca242d6","_email":"grefith.gohel@e2m.solutions","_firstName":"Grefith","_lastName":"Gohel","globalRole":"global:owner","workflowId":"PaVQk8c4eXaVDlNCBa2Nt","workflowName":"Task_Test"}}
{"__type":"$$EventMessageConfirm","confirm":"02f169f1-72bb-4d04-8f2b-a4746dd5b47e","ts":"2026-01-28T01:56:17.513-05:00","source":{"id":"0","name":"eventBus"}}
{"__type":"$$EventMessageWorkflow","id":"73b651a8-6efe-4af1-883b-adff270a8010","ts":"2026-01-28T01:56:21.682-05:00","eventName":"n8n.workflow.started","message":"n8n.workflow.started","payload":{"executionId":"14","workflowId":"PaVQk8c4eXaVDlNCBa2Nt","isManual":false,"workflowName":"Task_Test"}}
{"__type":"$$EventMessageConfirm","confirm":"73b651a8-6efe-4af1-883b-adff270a8010","ts":"2026-01-28T01:56:21.682-05:00","source":{"id":"0","name":"eventBus"}}
{"__type":"$$EventMessageAudit","id":"06f739aa-2672-4a6b-b09a-7476376ea69b","ts":"2026-01-28T01:56:21.683-05:00","eventName":"n8n.audit.workflow.executed","message":"n8n.audit.workflow.executed","payload":{"userId":"299f8590-3bfc-4e07-a09b-a0904ca242d6","_email":"grefith.gohel@e2m.solutions","_firstName":"Grefith","_lastName":"Gohel","globalRole":"global:owner","workflowId":"PaVQk8c4eXaVDlNCBa2Nt","workflowName":"Task_Test","executionId":"14","source":"user-manual"}}
{"__type":"$$EventMessageConfirm","confirm":"06f739aa-2672-4a6b-b09a-7476376ea69b","ts":"2026-01-28T01:56:21.683-05:00","source":{"id":"0","name":"eventBus"}}
{"__type":"$$EventMessageNode","id":"77658b4f-a534-48bf-96c4-080805e578d6","ts":"2026-01-28T01:56:21.684-05:00","eventName":"n8n.node.started","message":"n8n.node.started","payload":{"workflowId":"PaVQk8c4eXaVDlNCBa2Nt","workflowName":"Task_Test","executionId":"14","nodeType":"n8n-nodes-base.scheduleTrigger","nodeName":"Schedule Trigger","nodeId":"7f67ee83-9f19-493f-8750-55936c1960b8"}}
{"__type":"$$EventMessageConfirm","confirm":"77658b4f-a534-48bf-96c4-080805e578d6","ts":"2026-01-28T01:56:21.684-05:00","source":{"id":"0","name":"eventBus"}}
{"__type":"$$EventMessageNode","id":"4ee4da45-3275-4f05-9b85-821d2e030364","ts":"2026-01-28T01:56:21.686-05:00","eventName":"n8n.node.finished","message":"n8n.node.finished","payload":{"workflowId":"PaVQk8c4eXaVDlNCBa2Nt","workflowName":"Task_Test","executionId":"14","nodeType":"n8n-nodes-base.scheduleTrigger","nodeName":"Schedule Trigger","nodeId":"7f67ee83-9f19-493f-8750-55936c1960b8"}}
{"__type":"$$EventMessageConfirm","confirm":"4ee4da45-3275-4f05-9b85-821d2e030364","ts":"2026-01-28T01:56:21.686-05:00","source":{"id":"0","name":"eventBus"}}
{"__type":"$$EventMessageNode","id":"00937275-a419-4743-9676-7a426a90bffa","ts":"2026-01-28T01:56:21.687-05:00","eventName":"n8n.node.started","message":"n8n.node.started","payload":{"workflowId":"PaVQk8c4eXaVDlNCBa2Nt","workflowName":"Task_Test","executionId":"14","nodeType":"n8n-nodes-base.code","nodeName":"Code in JavaScript","nodeId":"cf876ac9-535d-4f5b-a1f4-f253da50aba8"}}
{"__type":"$$EventMessageConfirm","confirm":"00937275-a419-4743-9676-7a426a90bffa","ts":"2026-01-28T01:56:21.687-05:00","source":{"id":"0","name":"eventBus"}}
{"__type":"$$EventMessageRunner","id":"39169cc8-8381-4020-ba80-38b01a31d378","ts":"2026-01-28T01:56:21.692-05:00","eventName":"n8n.runner.task.requested","message":"n8n.runner.task.requested","payload":{"taskId":"rw3nzb4p","nodeId":"cf876ac9-535d-4f5b-a1f4-f253da50aba8","workflowId":"PaVQk8c4eXaVDlNCBa2Nt","executionId":"14"}}
{"__type":"$$EventMessageConfirm","confirm":"39169cc8-8381-4020-ba80-38b01a31d378","ts":"2026-01-28T01:56:21.692-05:00","source":{"id":"0","name":"eventBus"}}
{"__type":"$$EventMessageRunner","id":"92bd8df7-96b2-4b9e-9841-fd4b0f0de1d5","ts":"2026-01-28T01:56:21.697-05:00","eventName":"n8n.runner.response.received","message":"n8n.runner.response.received","payload":{"taskId":"rw3nzb4p","nodeId":"cf876ac9-535d-4f5b-a1f4-f253da50aba8","workflowId":"PaVQk8c4eXaVDlNCBa2Nt","executionId":"14"}}
{"__type":"$$EventMessageConfirm","confirm":"92bd8df7-96b2-4b9e-9841-fd4b0f0de1d5","ts":"2026-01-28T01:56:21.697-05:00","source":{"id":"0","name":"eventBus"}}
{"__type":"$$EventMessageNode","id":"993c0297-78cc-49f5-9db0-1f1f6843a129","ts":"2026-01-28T01:56:21.697-05:00","eventName":"n8n.node.finished","message":"n8n.node.finished","payload":{"workflowId":"PaVQk8c4eXaVDlNCBa2Nt","workflowName":"Task_Test","executionId":"14","nodeType":"n8n-nodes-base.code","nodeName":"Code in JavaScript","nodeId":"cf876ac9-535d-4f5b-a1f4-f253da50aba8"}}
{"__type":"$$EventMessageConfirm","confirm":"993c0297-78cc-49f5-9db0-1f1f6843a129","ts":"2026-01-28T01:56:21.698-05:00","source":{"id":"0","name":"eventBus"}}
{"__type":"$$EventMessageNode","id":"3b31737f-76e8-4964-af3c-39b0a60d75b8","ts":"2026-01-28T01:56:21.698-05:00","eventName":"n8n.node.started","message":"n8n.node.started","payload":{"workflowId":"PaVQk8c4eXaVDlNCBa2Nt","workflowName":"Task_Test","executionId":"14","nodeType":"n8n-nodes-base.slack","nodeName":"Send a message","nodeId":"99797670-c778-461b-84e7-08e5bf21d027"}}
{"__type":"$$EventMessageConfirm","confirm":"3b31737f-76e8-4964-af3c-39b0a60d75b8","ts":"2026-01-28T01:56:21.698-05:00","source":{"id":"0","name":"eventBus"}}
{"__type":"$$EventMessageNode","id":"432a28c2-8a53-48eb-ae3d-81fb5faea832","ts":"2026-01-28T01:56:22.058-05:00","eventName":"n8n.node.finished","message":"n8n.node.finished","payload":{"workflowId":"PaVQk8c4eXaVDlNCBa2Nt","workflowName":"Task_Test","executionId":"14","nodeType":"n8n-nodes-base.slack","nodeName":"Send a message","nodeId":"99797670-c778-461b-84e7-08e5bf21d027"}}
{"__type":"$$EventMessageConfirm","confirm":"432a28c2-8a53-48eb-ae3d-81fb5faea832","ts":"2026-01-28T01:56:22.058-05:00","source":{"id":"0","name":"eventBus"}}
{"__type":"$$EventMessageWorkflow","id":"9c5f312c-b057-4160-aba8-3b2da7b506c1","ts":"2026-01-28T01:56:22.060-05:00","eventName":"n8n.workflow.success","message":"n8n.workflow.success","payload":{"userId":"299f8590-3bfc-4e07-a09b-a0904ca242d6","executionId":"14","success":true,"isManual":true,"workflowId":"PaVQk8c4eXaVDlNCBa2Nt","workflowName":"Task_Test"}}
{"__type":"$$EventMessageConfirm","confirm":"9c5f312c-b057-4160-aba8-3b2da7b506c1","ts":"2026-01-28T01:56:22.060-05:00","source":{"id":"0","name":"eventBus"}}
{"__type":"$$EventMessageWorkflow","id":"00477863-e591-461c-9050-300d0ca22837","ts":"2026-01-28T01:56:53.568-05:00","eventName":"n8n.workflow.started","message":"n8n.workflow.started","payload":{"executionId":"15","workflowId":"PaVQk8c4eXaVDlNCBa2Nt","isManual":false,"workflowName":"Task_Test"}}
{"__type":"$$EventMessageConfirm","confirm":"00477863-e591-461c-9050-300d0ca22837","ts":"2026-01-28T01:56:53.568-05:00","source":{"id":"0","name":"eventBus"}}
{"__type":"$$EventMessageAudit","id":"9810fffb-127b-47c0-b574-5de6877a3a8b","ts":"2026-01-28T01:56:53.568-05:00","eventName":"n8n.audit.workflow.executed","message":"n8n.audit.workflow.executed","payload":{"userId":"299f8590-3bfc-4e07-a09b-a0904ca242d6","_email":"grefith.gohel@e2m.solutions","_firstName":"Grefith","_lastName":"Gohel","globalRole":"global:owner","workflowId":"PaVQk8c4eXaVDlNCBa2Nt","workflowName":"Task_Test","executionId":"15","source":"user-manual"}}
{"__type":"$$EventMessageConfirm","confirm":"9810fffb-127b-47c0-b574-5de6877a3a8b","ts":"2026-01-28T01:56:53.568-05:00","source":{"id":"0","name":"eventBus"}}
{"__type":"$$EventMessageNode","id":"3587642c-8654-4895-ab8b-450ce7f7f675","ts":"2026-01-28T01:56:53.569-05:00","eventName":"n8n.node.started","message":"n8n.node.started","payload":{"workflowId":"PaVQk8c4eXaVDlNCBa2Nt","workflowName":"Task_Test","executionId":"15","nodeType":"n8n-nodes-base.slack","nodeName":"Send a message","nodeId":"99797670-c778-461b-84e7-08e5bf21d027"}}
{"__type":"$$EventMessageConfirm","confirm":"3587642c-8654-4895-ab8b-450ce7f7f675","ts":"2026-01-28T01:56:53.569-05:00","source":{"id":"0","name":"eventBus"}}
{"__type":"$$EventMessageNode","id":"3ec7a651-6830-42ec-8df6-08770c68951b","ts":"2026-01-28T01:56:53.902-05:00","eventName":"n8n.node.finished","message":"n8n.node.finished","payload":{"workflowId":"PaVQk8c4eXaVDlNCBa2Nt","workflowName":"Task_Test","executionId":"15","nodeType":"n8n-nodes-base.slack","nodeName":"Send a message","nodeId":"99797670-c778-461b-84e7-08e5bf21d027"}}
{"__type":"$$EventMessageConfirm","confirm":"3ec7a651-6830-42ec-8df6-08770c68951b","ts":"2026-01-28T01:56:53.902-05:00","source":{"id":"0","name":"eventBus"}}
{"__type":"$$EventMessageWorkflow","id":"d5585840-a68f-4c5a-81d5-8b775273392e","ts":"2026-01-28T01:56:53.904-05:00","eventName":"n8n.workflow.success","message":"n8n.workflow.success","payload":{"userId":"299f8590-3bfc-4e07-a09b-a0904ca242d6","executionId":"15","success":true,"isManual":true,"workflowId":"PaVQk8c4eXaVDlNCBa2Nt","workflowName":"Task_Test"}}
{"__type":"$$EventMessageConfirm","confirm":"d5585840-a68f-4c5a-81d5-8b775273392e","ts":"2026-01-28T01:56:53.904-05:00","source":{"id":"0","name":"eventBus"}}
{"__type":"$$EventMessageAudit","id":"687d5517-fea2-46d4-a3fd-1eeb2b927ef0","ts":"2026-01-28T01:57:00.823-05:00","eventName":"n8n.audit.workflow.updated","message":"n8n.audit.workflow.updated","payload":{"userId":"299f8590-3bfc-4e07-a09b-a0904ca242d6","_email":"grefith.gohel@e2m.solutions","_firstName":"Grefith","_lastName":"Gohel","globalRole":"global:owner","workflowId":"PaVQk8c4eXaVDlNCBa2Nt","workflowName":"Task_Test"}}
{"__type":"$$EventMessageConfirm","confirm":"687d5517-fea2-46d4-a3fd-1eeb2b927ef0","ts":"2026-01-28T01:57:00.823-05:00","source":{"id":"0","name":"eventBus"}}
{"__type":"$$EventMessageAudit","id":"b4ea073b-d36d-4ac9-9131-07c8ef64a70c","ts":"2026-01-28T01:57:54.232-05:00","eventName":"n8n.audit.workflow.updated","message":"n8n.audit.workflow.updated","payload":{"userId":"299f8590-3bfc-4e07-a09b-a0904ca242d6","_email":"grefith.gohel@e2m.solutions","_firstName":"Grefith","_lastName":"Gohel","globalRole":"global:owner","workflowId":"PaVQk8c4eXaVDlNCBa2Nt","workflowName":"Task_Test"}}
{"__type":"$$EventMessageConfirm","confirm":"b4ea073b-d36d-4ac9-9131-07c8ef64a70c","ts":"2026-01-28T01:57:54.232-05:00","source":{"id":"0","name":"eventBus"}}
{"__type":"$$EventMessageAudit","id":"c8352431-3ffc-4a8e-971e-84d666a52e03","ts":"2026-01-28T01:58:03.716-05:00","eventName":"n8n.audit.workflow.updated","message":"n8n.audit.workflow.updated","payload":{"userId":"299f8590-3bfc-4e07-a09b-a0904ca242d6","_email":"grefith.gohel@e2m.solutions","_firstName":"Grefith","_lastName":"Gohel","globalRole":"global:owner","workflowId":"PaVQk8c4eXaVDlNCBa2Nt","workflowName":"Task_Test"}}
{"__type":"$$EventMessageConfirm","confirm":"c8352431-3ffc-4a8e-971e-84d666a52e03","ts":"2026-01-28T01:58:03.716-05:00","source":{"id":"0","name":"eventBus"}}
{"__type":"$$EventMessageAudit","id":"8252f4f2-8348-4e8e-a3c3-6909f558dd2a","ts":"2026-01-28T01:58:21.223-05:00","eventName":"n8n.audit.workflow.updated","message":"n8n.audit.workflow.updated","payload":{"userId":"299f8590-3bfc-4e07-a09b-a0904ca242d6","_email":"grefith.gohel@e2m.solutions","_firstName":"Grefith","_lastName":"Gohel","globalRole":"global:owner","workflowId":"PaVQk8c4eXaVDlNCBa2Nt","workflowName":"Task_Test"}}
{"__type":"$$EventMessageConfirm","confirm":"8252f4f2-8348-4e8e-a3c3-6909f558dd2a","ts":"2026-01-28T01:58:21.223-05:00","source":{"id":"0","name":"eventBus"}}
{"__type":"$$EventMessageAudit","id":"a1af8e1f-2f82-40ac-ac0d-0723a72cfa8d","ts":"2026-01-28T01:58:42.342-05:00","eventName":"n8n.audit.workflow.updated","message":"n8n.audit.workflow.updated","payload":{"userId":"299f8590-3bfc-4e07-a09b-a0904ca242d6","_email":"grefith.gohel@e2m.solutions","_firstName":"Grefith","_lastName":"Gohel","globalRole":"global:owner","workflowId":"PaVQk8c4eXaVDlNCBa2Nt","workflowName":"Task_Test"}}
{"__type":"$$EventMessageConfirm","confirm":"a1af8e1f-2f82-40ac-ac0d-0723a72cfa8d","ts":"2026-01-28T01:58:42.342-05:00","source":{"id":"0","name":"eventBus"}}
{"__type":"$$EventMessageWorkflow","id":"4486b4bc-92be-421f-806b-ffc1c8ba2e56","ts":"2026-01-28T02:00:11.025-05:00","eventName":"n8n.workflow.started","message":"n8n.workflow.started","payload":{"executionId":"16","workflowId":"PaVQk8c4eXaVDlNCBa2Nt","isManual":false,"workflowName":"Task_Test"}}
{"__type":"$$EventMessageConfirm","confirm":"4486b4bc-92be-421f-806b-ffc1c8ba2e56","ts":"2026-01-28T02:00:11.025-05:00","source":{"id":"0","name":"eventBus"}}
{"__type":"$$EventMessageAudit","id":"ec794bfe-1250-46dd-b47a-83544e244ee3","ts":"2026-01-28T02:00:11.025-05:00","eventName":"n8n.audit.workflow.executed","message":"n8n.audit.workflow.executed","payload":{"workflowId":"PaVQk8c4eXaVDlNCBa2Nt","workflowName":"Task_Test","executionId":"16","source":"trigger"}}
{"__type":"$$EventMessageConfirm","confirm":"ec794bfe-1250-46dd-b47a-83544e244ee3","ts":"2026-01-28T02:00:11.025-05:00","source":{"id":"0","name":"eventBus"}}
{"__type":"$$EventMessageNode","id":"7601ce03-244d-42b1-9ee5-e425f17a208a","ts":"2026-01-28T02:00:11.025-05:00","eventName":"n8n.node.started","message":"n8n.node.started","payload":{"workflowId":"PaVQk8c4eXaVDlNCBa2Nt","workflowName":"Task_Test","executionId":"16","nodeType":"n8n-nodes-base.scheduleTrigger","nodeName":"Schedule Trigger","nodeId":"7f67ee83-9f19-493f-8750-55936c1960b8"}}
{"__type":"$$EventMessageConfirm","confirm":"7601ce03-244d-42b1-9ee5-e425f17a208a","ts":"2026-01-28T02:00:11.025-05:00","source":{"id":"0","name":"eventBus"}}
{"__type":"$$EventMessageNode","id":"7c98ae6d-f7b8-4f03-9bc0-3e2c23fe5d7f","ts":"2026-01-28T02:00:11.025-05:00","eventName":"n8n.node.finished","message":"n8n.node.finished","payload":{"workflowId":"PaVQk8c4eXaVDlNCBa2Nt","workflowName":"Task_Test","executionId":"16","nodeType":"n8n-nodes-base.scheduleTrigger","nodeName":"Schedule Trigger","nodeId":"7f67ee83-9f19-493f-8750-55936c1960b8"}}
{"__type":"$$EventMessageConfirm","confirm":"7c98ae6d-f7b8-4f03-9bc0-3e2c23fe5d7f","ts":"2026-01-28T02:00:11.025-05:00","source":{"id":"0","name":"eventBus"}}
{"__type":"$$EventMessageNode","id":"bee4f118-bc78-4945-9a4c-74bac3ae635c","ts":"2026-01-28T02:00:11.026-05:00","eventName":"n8n.node.started","message":"n8n.node.started","payload":{"workflowId":"PaVQk8c4eXaVDlNCBa2Nt","workflowName":"Task_Test","executionId":"16","nodeType":"n8n-nodes-base.code","nodeName":"Code in JavaScript","nodeId":"cf876ac9-535d-4f5b-a1f4-f253da50aba8"}}
{"__type":"$$EventMessageConfirm","confirm":"bee4f118-bc78-4945-9a4c-74bac3ae635c","ts":"2026-01-28T02:00:11.026-05:00","source":{"id":"0","name":"eventBus"}}
{"__type":"$$EventMessageRunner","id":"b6ac82da-f676-48af-8981-788a4e55a51c","ts":"2026-01-28T02:00:11.027-05:00","eventName":"n8n.runner.task.requested","message":"n8n.runner.task.requested","payload":{"taskId":"u1weH8yJ","nodeId":"cf876ac9-535d-4f5b-a1f4-f253da50aba8","workflowId":"PaVQk8c4eXaVDlNCBa2Nt","executionId":"16"}}
{"__type":"$$EventMessageConfirm","confirm":"b6ac82da-f676-48af-8981-788a4e55a51c","ts":"2026-01-28T02:00:11.027-05:00","source":{"id":"0","name":"eventBus"}}
{"__type":"$$EventMessageRunner","id":"5448c924-3f56-4704-b248-76e3c456233f","ts":"2026-01-28T02:00:11.031-05:00","eventName":"n8n.runner.response.received","message":"n8n.runner.response.received","payload":{"taskId":"u1weH8yJ","nodeId":"cf876ac9-535d-4f5b-a1f4-f253da50aba8","workflowId":"PaVQk8c4eXaVDlNCBa2Nt","executionId":"16"}}
{"__type":"$$EventMessageConfirm","confirm":"5448c924-3f56-4704-b248-76e3c456233f","ts":"2026-01-28T02:00:11.031-05:00","source":{"id":"0","name":"eventBus"}}
{"__type":"$$EventMessageNode","id":"47f34bdf-9ddc-4eea-8afe-69033da8ecc3","ts":"2026-01-28T02:00:11.031-05:00","eventName":"n8n.node.finished","message":"n8n.node.finished","payload":{"workflowId":"PaVQk8c4eXaVDlNCBa2Nt","workflowName":"Task_Test","executionId":"16","nodeType":"n8n-nodes-base.code","nodeName":"Code in JavaScript","nodeId":"cf876ac9-535d-4f5b-a1f4-f253da50aba8"}}
{"__type":"$$EventMessageConfirm","confirm":"47f34bdf-9ddc-4eea-8afe-69033da8ecc3","ts":"2026-01-28T02:00:11.031-05:00","source":{"id":"0","name":"eventBus"}}
{"__type":"$$EventMessageWorkflow","id":"4b30fde1-ac53-4321-a520-7d18f846b448","ts":"2026-01-28T02:00:11.031-05:00","eventName":"n8n.workflow.success","message":"n8n.workflow.success","payload":{"executionId":"16","success":true,"isManual":false,"workflowId":"PaVQk8c4eXaVDlNCBa2Nt","workflowName":"Task_Test"}}
{"__type":"$$EventMessageConfirm","confirm":"4b30fde1-ac53-4321-a520-7d18f846b448","ts":"2026-01-28T02:00:11.031-05:00","source":{"id":"0","name":"eventBus"}}
