{"__type":"$$EventMessageWorkflow","id":"3dbe8eb7-19e4-4b95-bc32-6ab9583aaf6d","ts":"2026-01-27T13:19:09.641+00:00","eventName":"n8n.workflow.started","message":"n8n.workflow.started","payload":{"executionId":"9","workflowId":"PaVQk8c4eXaVDlNCBa2Nt","isManual":false,"workflowName":"Task_Test"}}
{"__type":"$$EventMessageConfirm","confirm":"3dbe8eb7-19e4-4b95-bc32-6ab9583aaf6d","ts":"2026-01-27T13:19:09.642+00:00","source":{"id":"0","name":"eventBus"}}
{"__type":"$$EventMessageAudit","id":"8b7bca4c-4121-4222-9c25-6693978f1d1b","ts":"2026-01-27T13:19:09.642+00:00","eventName":"n8n.audit.workflow.executed","message":"n8n.audit.workflow.executed","payload":{"userId":"299f8590-3bfc-4e07-a09b-a0904ca242d6","_email":"grefith.gohel@e2m.solutions","_firstName":"Grefith","_lastName":"Gohel","globalRole":"global:owner","workflowId":"PaVQk8c4eXaVDlNCBa2Nt","workflowName":"Task_Test","executionId":"9","source":"user-manual"}}
{"__type":"$$EventMessageConfirm","confirm":"8b7bca4c-4121-4222-9c25-6693978f1d1b","ts":"2026-01-27T13:19:09.642+00:00","source":{"id":"0","name":"eventBus"}}
{"__type":"$$EventMessageNode","id":"939a375d-c9c4-4cb5-bf99-5f508fbaccf1","ts":"2026-01-27T13:19:09.643+00:00","eventName":"n8n.node.started","message":"n8n.node.started","payload":{"workflowId":"PaVQk8c4eXaVDlNCBa2Nt","workflowName":"Task_Test","executionId":"9","nodeType":"n8n-nodes-base.scheduleTrigger","nodeName":"Schedule Trigger","nodeId":"7f67ee83-9f19-493f-8750-55936c1960b8"}}
{"__type":"$$EventMessageConfirm","confirm":"939a375d-c9c4-4cb5-bf99-5f508fbaccf1","ts":"2026-01-27T13:19:09.643+00:00","source":{"id":"0","name":"eventBus"}}
{"__type":"$$EventMessageNode","id":"5f2bcfea-6834-49dc-9be9-071a9073bf7e","ts":"2026-01-27T13:19:09.651+00:00","eventName":"n8n.node.finished","message":"n8n.node.finished","payload":{"workflowId":"PaVQk8c4eXaVDlNCBa2Nt","workflowName":"Task_Test","executionId":"9","nodeType":"n8n-nodes-base.scheduleTrigger","nodeName":"Schedule Trigger","nodeId":"7f67ee83-9f19-493f-8750-55936c1960b8"}}
{"__type":"$$EventMessageConfirm","confirm":"5f2bcfea-6834-49dc-9be9-071a9073bf7e","ts":"2026-01-27T13:19:09.651+00:00","source":{"id":"0","name":"eventBus"}}
{"__type":"$$EventMessageNode","id":"8139b54f-3daf-4234-87e8-7eac39499bfa","ts":"2026-01-27T13:19:09.652+00:00","eventName":"n8n.node.started","message":"n8n.node.started","payload":{"workflowId":"PaVQk8c4eXaVDlNCBa2Nt","workflowName":"Task_Test","executionId":"9","nodeType":"n8n-nodes-base.code","nodeName":"Code in JavaScript","nodeId":"cf876ac9-535d-4f5b-a1f4-f253da50aba8"}}
{"__type":"$$EventMessageConfirm","confirm":"8139b54f-3daf-4234-87e8-7eac39499bfa","ts":"2026-01-27T13:19:09.653+00:00","source":{"id":"0","name":"eventBus"}}
{"__type":"$$EventMessageRunner","id":"16c3decc-5879-49fe-af6a-6a65645c110c","ts":"2026-01-27T13:19:09.657+00:00","eventName":"n8n.runner.task.requested","message":"n8n.runner.task.requested","payload":{"taskId":"qaR6m5M4","nodeId":"cf876ac9-535d-4f5b-a1f4-f253da50aba8","workflowId":"PaVQk8c4eXaVDlNCBa2Nt","executionId":"9"}}
{"__type":"$$EventMessageConfirm","confirm":"16c3decc-5879-49fe-af6a-6a65645c110c","ts":"2026-01-27T13:19:09.657+00:00","source":{"id":"0","name":"eventBus"}}
{"__type":"$$EventMessageRunner","id":"aa89aca0-bb76-43bc-b36d-d422a45222af","ts":"2026-01-27T13:19:09.712+00:00","eventName":"n8n.runner.response.received","message":"n8n.runner.response.received","payload":{"taskId":"qaR6m5M4","nodeId":"cf876ac9-535d-4f5b-a1f4-f253da50aba8","workflowId":"PaVQk8c4eXaVDlNCBa2Nt","executionId":"9"}}
{"__type":"$$EventMessageConfirm","confirm":"aa89aca0-bb76-43bc-b36d-d422a45222af","ts":"2026-01-27T13:19:09.712+00:00","source":{"id":"0","name":"eventBus"}}
{"__type":"$$EventMessageNode","id":"52648c80-d0a6-45dd-97ea-5777254bd8c0","ts":"2026-01-27T13:19:09.713+00:00","eventName":"n8n.node.finished","message":"n8n.node.finished","payload":{"workflowId":"PaVQk8c4eXaVDlNCBa2Nt","workflowName":"Task_Test","executionId":"9","nodeType":"n8n-nodes-base.code","nodeName":"Code in JavaScript","nodeId":"cf876ac9-535d-4f5b-a1f4-f253da50aba8"}}
{"__type":"$$EventMessageConfirm","confirm":"52648c80-d0a6-45dd-97ea-5777254bd8c0","ts":"2026-01-27T13:19:09.713+00:00","source":{"id":"0","name":"eventBus"}}
{"__type":"$$EventMessageWorkflow","id":"0ee36ba5-b72f-4f81-ba88-1345ea18574a","ts":"2026-01-27T13:19:09.716+00:00","eventName":"n8n.workflow.success","message":"n8n.workflow.success","payload":{"userId":"299f8590-3bfc-4e07-a09b-a0904ca242d6","executionId":"9","success":true,"isManual":true,"workflowId":"PaVQk8c4eXaVDlNCBa2Nt","workflowName":"Task_Test"}}
{"__type":"$$EventMessageConfirm","confirm":"0ee36ba5-b72f-4f81-ba88-1345ea18574a","ts":"2026-01-27T13:19:09.717+00:00","source":{"id":"0","name":"eventBus"}}
{"__type":"$$EventMessageWorkflow","id":"8c5a7289-195a-4f03-bbea-b7ee85553f74","ts":"2026-01-27T13:20:15.032+00:00","eventName":"n8n.workflow.started","message":"n8n.workflow.started","payload":{"executionId":"10","workflowId":"PaVQk8c4eXaVDlNCBa2Nt","isManual":false,"workflowName":"Task_Test"}}
{"__type":"$$EventMessageConfirm","confirm":"8c5a7289-195a-4f03-bbea-b7ee85553f74","ts":"2026-01-27T13:20:15.032+00:00","source":{"id":"0","name":"eventBus"}}
{"__type":"$$EventMessageAudit","id":"f72dbd27-859c-49e1-b461-4d0470627343","ts":"2026-01-27T13:20:15.032+00:00","eventName":"n8n.audit.workflow.executed","message":"n8n.audit.workflow.executed","payload":{"workflowId":"PaVQk8c4eXaVDlNCBa2Nt","workflowName":"Task_Test","executionId":"10","source":"trigger"}}
{"__type":"$$EventMessageConfirm","confirm":"f72dbd27-859c-49e1-b461-4d0470627343","ts":"2026-01-27T13:20:15.032+00:00","source":{"id":"0","name":"eventBus"}}
{"__type":"$$EventMessageNode","id":"cdd131bd-ea1f-4775-a4b8-02e4b33277d6","ts":"2026-01-27T13:20:15.032+00:00","eventName":"n8n.node.started","message":"n8n.node.started","payload":{"workflowId":"PaVQk8c4eXaVDlNCBa2Nt","workflowName":"Task_Test","executionId":"10","nodeType":"n8n-nodes-base.scheduleTrigger","nodeName":"Schedule Trigger","nodeId":"7f67ee83-9f19-493f-8750-55936c1960b8"}}
{"__type":"$$EventMessageConfirm","confirm":"cdd131bd-ea1f-4775-a4b8-02e4b33277d6","ts":"2026-01-27T13:20:15.032+00:00","source":{"id":"0","name":"eventBus"}}
{"__type":"$$EventMessageNode","id":"5fd4ff6b-4e0f-4411-b850-58f3aca23c31","ts":"2026-01-27T13:20:15.033+00:00","eventName":"n8n.node.finished","message":"n8n.node.finished","payload":{"workflowId":"PaVQk8c4eXaVDlNCBa2Nt","workflowName":"Task_Test","executionId":"10","nodeType":"n8n-nodes-base.scheduleTrigger","nodeName":"Schedule Trigger","nodeId":"7f67ee83-9f19-493f-8750-55936c1960b8"}}
{"__type":"$$EventMessageConfirm","confirm":"5fd4ff6b-4e0f-4411-b850-58f3aca23c31","ts":"2026-01-27T13:20:15.033+00:00","source":{"id":"0","name":"eventBus"}}
{"__type":"$$EventMessageNode","id":"688bbd5c-fe7f-4893-a5e2-f1658c4239c3","ts":"2026-01-27T13:20:15.033+00:00","eventName":"n8n.node.started","message":"n8n.node.started","payload":{"workflowId":"PaVQk8c4eXaVDlNCBa2Nt","workflowName":"Task_Test","executionId":"10","nodeType":"n8n-nodes-base.code","nodeName":"Code in JavaScript","nodeId":"cf876ac9-535d-4f5b-a1f4-f253da50aba8"}}
{"__type":"$$EventMessageConfirm","confirm":"688bbd5c-fe7f-4893-a5e2-f1658c4239c3","ts":"2026-01-27T13:20:15.033+00:00","source":{"id":"0","name":"eventBus"}}
{"__type":"$$EventMessageRunner","id":"cd87f400-e4e1-44aa-afb5-f0d9d7dc0d93","ts":"2026-01-27T13:20:15.034+00:00","eventName":"n8n.runner.task.requested","message":"n8n.runner.task.requested","payload":{"taskId":"Sk7S4HYb","nodeId":"cf876ac9-535d-4f5b-a1f4-f253da50aba8","workflowId":"PaVQk8c4eXaVDlNCBa2Nt","executionId":"10"}}
{"__type":"$$EventMessageConfirm","confirm":"cd87f400-e4e1-44aa-afb5-f0d9d7dc0d93","ts":"2026-01-27T13:20:15.034+00:00","source":{"id":"0","name":"eventBus"}}
{"__type":"$$EventMessageRunner","id":"a1e34b50-2b67-4758-9d81-f883332405d3","ts":"2026-01-27T13:20:15.039+00:00","eventName":"n8n.runner.response.received","message":"n8n.runner.response.received","payload":{"taskId":"Sk7S4HYb","nodeId":"cf876ac9-535d-4f5b-a1f4-f253da50aba8","workflowId":"PaVQk8c4eXaVDlNCBa2Nt","executionId":"10"}}
{"__type":"$$EventMessageConfirm","confirm":"a1e34b50-2b67-4758-9d81-f883332405d3","ts":"2026-01-27T13:20:15.039+00:00","source":{"id":"0","name":"eventBus"}}
{"__type":"$$EventMessageNode","id":"a691b96a-f7db-456e-b63d-038fffa05c2a","ts":"2026-01-27T13:20:15.039+00:00","eventName":"n8n.node.finished","message":"n8n.node.finished","payload":{"workflowId":"PaVQk8c4eXaVDlNCBa2Nt","workflowName":"Task_Test","executionId":"10","nodeType":"n8n-nodes-base.code","nodeName":"Code in JavaScript","nodeId":"cf876ac9-535d-4f5b-a1f4-f253da50aba8"}}
{"__type":"$$EventMessageConfirm","confirm":"a691b96a-f7db-456e-b63d-038fffa05c2a","ts":"2026-01-27T13:20:15.039+00:00","source":{"id":"0","name":"eventBus"}}
{"__type":"$$EventMessageWorkflow","id":"3802c7f3-54f0-4416-b37a-cfc11f80a7c7","ts":"2026-01-27T13:20:15.040+00:00","eventName":"n8n.workflow.success","message":"n8n.workflow.success","payload":{"executionId":"10","success":true,"isManual":false,"workflowId":"PaVQk8c4eXaVDlNCBa2Nt","workflowName":"Task_Test"}}
{"__type":"$$EventMessageConfirm","confirm":"3802c7f3-54f0-4416-b37a-cfc11f80a7c7","ts":"2026-01-27T13:20:15.040+00:00","source":{"id":"0","name":"eventBus"}}
