{"__type":"$$EventMessageAudit","id":"0c9dc504-f840-4382-aaba-e85f1a7afe66","ts":"2026-01-27T12:49:56.268+00:00","eventName":"n8n.audit.workflow.created","message":"n8n.audit.workflow.created","payload":{"userId":"299f8590-3bfc-4e07-a09b-a0904ca242d6","_email":"grefith.gohel@e2m.solutions","_firstName":"Grefith","_lastName":"Gohel","globalRole":"global:owner","workflowId":"PaVQk8c4eXaVDlNCBa2Nt","workflowName":"My workflow"}}
{"__type":"$$EventMessageConfirm","confirm":"0c9dc504-f840-4382-aaba-e85f1a7afe66","ts":"2026-01-27T12:49:56.269+00:00","source":{"id":"0","name":"eventBus"}}
{"__type":"$$EventMessageAudit","id":"69ccd642-6923-4890-a50f-f2c439b18d1e","ts":"2026-01-27T12:49:59.796+00:00","eventName":"n8n.audit.workflow.updated","message":"n8n.audit.workflow.updated","payload":{"userId":"299f8590-3bfc-4e07-a09b-a0904ca242d6","_email":"grefith.gohel@e2m.solutions","_firstName":"Grefith","_lastName":"Gohel","globalRole":"global:owner","workflowId":"PaVQk8c4eXaVDlNCBa2Nt","workflowName":"My workflow"}}
{"__type":"$$EventMessageConfirm","confirm":"69ccd642-6923-4890-a50f-f2c439b18d1e","ts":"2026-01-27T12:49:59.796+00:00","source":{"id":"0","name":"eventBus"}}
{"__type":"$$EventMessageAudit","id":"7a3df663-668c-4a84-8aad-2aa80fa8eece","ts":"2026-01-27T12:51:50.890+00:00","eventName":"n8n.audit.workflow.updated","message":"n8n.audit.workflow.updated","payload":{"userId":"299f8590-3bfc-4e07-a09b-a0904ca242d6","_email":"grefith.gohel@e2m.solutions","_firstName":"Grefith","_lastName":"Gohel","globalRole":"global:owner","workflowId":"PaVQk8c4eXaVDlNCBa2Nt","workflowName":"My workflow"}}
{"__type":"$$EventMessageConfirm","confirm":"7a3df663-668c-4a84-8aad-2aa80fa8eece","ts":"2026-01-27T12:51:50.890+00:00","source":{"id":"0","name":"eventBus"}}
{"__type":"$$EventMessageAudit","id":"95142c8f-29e2-485d-b377-eb428f52e117","ts":"2026-01-27T12:52:00.267+00:00","eventName":"n8n.audit.workflow.updated","message":"n8n.audit.workflow.updated","payload":{"userId":"299f8590-3bfc-4e07-a09b-a0904ca242d6","_email":"grefith.gohel@e2m.solutions","_firstName":"Grefith","_lastName":"Gohel","globalRole":"global:owner","workflowId":"PaVQk8c4eXaVDlNCBa2Nt","workflowName":"My workflow"}}
{"__type":"$$EventMessageConfirm","confirm":"95142c8f-29e2-485d-b377-eb428f52e117","ts":"2026-01-27T12:52:00.267+00:00","source":{"id":"0","name":"eventBus"}}
{"__type":"$$EventMessageAudit","id":"e97fedf6-f63a-418e-9357-26c56a143420","ts":"2026-01-27T12:52:04.403+00:00","eventName":"n8n.audit.workflow.updated","message":"n8n.audit.workflow.updated","payload":{"userId":"299f8590-3bfc-4e07-a09b-a0904ca242d6","_email":"grefith.gohel@e2m.solutions","_firstName":"Grefith","_lastName":"Gohel","globalRole":"global:owner","workflowId":"PaVQk8c4eXaVDlNCBa2Nt","workflowName":"My workflow"}}
{"__type":"$$EventMessageConfirm","confirm":"e97fedf6-f63a-418e-9357-26c56a143420","ts":"2026-01-27T12:52:04.403+00:00","source":{"id":"0","name":"eventBus"}}
{"__type":"$$EventMessageAudit","id":"ea0d8615-9082-4fa0-9627-c5776003aadc","ts":"2026-01-27T12:52:17.280+00:00","eventName":"n8n.audit.workflow.updated","message":"n8n.audit.workflow.updated","payload":{"userId":"299f8590-3bfc-4e07-a09b-a0904ca242d6","_email":"grefith.gohel@e2m.solutions","_firstName":"Grefith","_lastName":"Gohel","globalRole":"global:owner","workflowId":"PaVQk8c4eXaVDlNCBa2Nt","workflowName":"My workflow"}}
{"__type":"$$EventMessageConfirm","confirm":"ea0d8615-9082-4fa0-9627-c5776003aadc","ts":"2026-01-27T12:52:17.280+00:00","source":{"id":"0","name":"eventBus"}}
{"__type":"$$EventMessageWorkflow","id":"fb2bb779-6955-4fe6-b254-add221afe794","ts":"2026-01-27T12:52:20.500+00:00","eventName":"n8n.workflow.started","message":"n8n.workflow.started","payload":{"executionId":"1","workflowId":"PaVQk8c4eXaVDlNCBa2Nt","isManual":false,"workflowName":"My workflow"}}
{"__type":"$$EventMessageConfirm","confirm":"fb2bb779-6955-4fe6-b254-add221afe794","ts":"2026-01-27T12:52:20.500+00:00","source":{"id":"0","name":"eventBus"}}
{"__type":"$$EventMessageAudit","id":"9ec3597e-cf62-43bc-9620-04fbb5a274ee","ts":"2026-01-27T12:52:20.501+00:00","eventName":"n8n.audit.workflow.executed","message":"n8n.audit.workflow.executed","payload":{"userId":"299f8590-3bfc-4e07-a09b-a0904ca242d6","_email":"grefith.gohel@e2m.solutions","_firstName":"Grefith","_lastName":"Gohel","globalRole":"global:owner","workflowId":"PaVQk8c4eXaVDlNCBa2Nt","workflowName":"My workflow","executionId":"1","source":"user-manual"}}
{"__type":"$$EventMessageConfirm","confirm":"9ec3597e-cf62-43bc-9620-04fbb5a274ee","ts":"2026-01-27T12:52:20.501+00:00","source":{"id":"0","name":"eventBus"}}
{"__type":"$$EventMessageNode","id":"a138cedb-e2bc-49ac-b728-0dd6d2bccdca","ts":"2026-01-27T12:52:20.502+00:00","eventName":"n8n.node.started","message":"n8n.node.started","payload":{"workflowId":"PaVQk8c4eXaVDlNCBa2Nt","workflowName":"My workflow","executionId":"1","nodeType":"n8n-nodes-base.scheduleTrigger","nodeName":"Schedule Trigger","nodeId":"7f67ee83-9f19-493f-8750-55936c1960b8"}}
{"__type":"$$EventMessageConfirm","confirm":"a138cedb-e2bc-49ac-b728-0dd6d2bccdca","ts":"2026-01-27T12:52:20.502+00:00","source":{"id":"0","name":"eventBus"}}
{"__type":"$$EventMessageNode","id":"2c69256b-91a5-4586-bc1a-b2b07046c06a","ts":"2026-01-27T12:52:20.514+00:00","eventName":"n8n.node.finished","message":"n8n.node.finished","payload":{"workflowId":"PaVQk8c4eXaVDlNCBa2Nt","workflowName":"My workflow","executionId":"1","nodeType":"n8n-nodes-base.scheduleTrigger","nodeName":"Schedule Trigger","nodeId":"7f67ee83-9f19-493f-8750-55936c1960b8"}}
{"__type":"$$EventMessageConfirm","confirm":"2c69256b-91a5-4586-bc1a-b2b07046c06a","ts":"2026-01-27T12:52:20.515+00:00","source":{"id":"0","name":"eventBus"}}
{"__type":"$$EventMessageNode","id":"7b50a106-5e95-4401-86b8-1708b6a63358","ts":"2026-01-27T12:52:20.516+00:00","eventName":"n8n.node.started","message":"n8n.node.started","payload":{"workflowId":"PaVQk8c4eXaVDlNCBa2Nt","workflowName":"My workflow","executionId":"1","nodeType":"n8n-nodes-base.code","nodeName":"Code in JavaScript","nodeId":"cf876ac9-535d-4f5b-a1f4-f253da50aba8"}}
{"__type":"$$EventMessageConfirm","confirm":"7b50a106-5e95-4401-86b8-1708b6a63358","ts":"2026-01-27T12:52:20.516+00:00","source":{"id":"0","name":"eventBus"}}
{"__type":"$$EventMessageRunner","id":"8920e323-3bbd-4f9b-80e7-65a3b36790a9","ts":"2026-01-27T12:52:20.521+00:00","eventName":"n8n.runner.task.requested","message":"n8n.runner.task.requested","payload":{"taskId":"Ri-G4Goi","nodeId":"cf876ac9-535d-4f5b-a1f4-f253da50aba8","workflowId":"PaVQk8c4eXaVDlNCBa2Nt","executionId":"1"}}
{"__type":"$$EventMessageConfirm","confirm":"8920e323-3bbd-4f9b-80e7-65a3b36790a9","ts":"2026-01-27T12:52:20.521+00:00","source":{"id":"0","name":"eventBus"}}
{"__type":"$$EventMessageRunner","id":"8ce1542c-ce01-4dc6-bbf1-e46184889084","ts":"2026-01-27T12:52:20.577+00:00","eventName":"n8n.runner.response.received","message":"n8n.runner.response.received","payload":{"taskId":"Ri-G4Goi","nodeId":"cf876ac9-535d-4f5b-a1f4-f253da50aba8","workflowId":"PaVQk8c4eXaVDlNCBa2Nt","executionId":"1"}}
{"__type":"$$EventMessageConfirm","confirm":"8ce1542c-ce01-4dc6-bbf1-e46184889084","ts":"2026-01-27T12:52:20.578+00:00","source":{"id":"0","name":"eventBus"}}
{"__type":"$$EventMessageNode","id":"b6e9f43e-8ba3-4bdb-b279-dd6e15f11db4","ts":"2026-01-27T12:52:20.578+00:00","eventName":"n8n.node.finished","message":"n8n.node.finished","payload":{"workflowId":"PaVQk8c4eXaVDlNCBa2Nt","workflowName":"My workflow","executionId":"1","nodeType":"n8n-nodes-base.code","nodeName":"Code in JavaScript","nodeId":"cf876ac9-535d-4f5b-a1f4-f253da50aba8"}}
{"__type":"$$EventMessageConfirm","confirm":"b6e9f43e-8ba3-4bdb-b279-dd6e15f11db4","ts":"2026-01-27T12:52:20.578+00:00","source":{"id":"0","name":"eventBus"}}
{"__type":"$$EventMessageWorkflow","id":"00fddbaf-96db-46bd-ab4d-4b32b3b2920f","ts":"2026-01-27T12:52:20.581+00:00","eventName":"n8n.workflow.success","message":"n8n.workflow.success","payload":{"userId":"299f8590-3bfc-4e07-a09b-a0904ca242d6","executionId":"1","success":true,"isManual":true,"workflowId":"PaVQk8c4eXaVDlNCBa2Nt","workflowName":"My workflow"}}
{"__type":"$$EventMessageConfirm","confirm":"00fddbaf-96db-46bd-ab4d-4b32b3b2920f","ts":"2026-01-27T12:52:20.581+00:00","source":{"id":"0","name":"eventBus"}}
{"__type":"$$EventMessageAudit","id":"236e6f78-036c-4e87-9bfd-8a054657c833","ts":"2026-01-27T12:52:38.518+00:00","eventName":"n8n.audit.workflow.updated","message":"n8n.audit.workflow.updated","payload":{"userId":"299f8590-3bfc-4e07-a09b-a0904ca242d6","_email":"grefith.gohel@e2m.solutions","_firstName":"Grefith","_lastName":"Gohel","globalRole":"global:owner","workflowId":"PaVQk8c4eXaVDlNCBa2Nt","workflowName":"My workflow"}}
{"__type":"$$EventMessageConfirm","confirm":"236e6f78-036c-4e87-9bfd-8a054657c833","ts":"2026-01-27T12:52:38.518+00:00","source":{"id":"0","name":"eventBus"}}
{"__type":"$$EventMessageWorkflow","id":"1f1b5ad3-3b2d-4f62-ad56-dc215e01f859","ts":"2026-01-27T12:53:00.493+00:00","eventName":"n8n.workflow.started","message":"n8n.workflow.started","payload":{"executionId":"2","workflowId":"PaVQk8c4eXaVDlNCBa2Nt","isManual":false,"workflowName":"My workflow"}}
{"__type":"$$EventMessageConfirm","confirm":"1f1b5ad3-3b2d-4f62-ad56-dc215e01f859","ts":"2026-01-27T12:53:00.493+00:00","source":{"id":"0","name":"eventBus"}}
{"__type":"$$EventMessageAudit","id":"7d44ed6c-9942-423b-8322-81185da1e973","ts":"2026-01-27T12:53:00.493+00:00","eventName":"n8n.audit.workflow.executed","message":"n8n.audit.workflow.executed","payload":{"userId":"299f8590-3bfc-4e07-a09b-a0904ca242d6","_email":"grefith.gohel@e2m.solutions","_firstName":"Grefith","_lastName":"Gohel","globalRole":"global:owner","workflowId":"PaVQk8c4eXaVDlNCBa2Nt","workflowName":"My workflow","executionId":"2","source":"user-manual"}}
{"__type":"$$EventMessageConfirm","confirm":"7d44ed6c-9942-423b-8322-81185da1e973","ts":"2026-01-27T12:53:00.493+00:00","source":{"id":"0","name":"eventBus"}}
{"__type":"$$EventMessageNode","id":"ae0937fa-f23d-4107-ba77-f271777633ae","ts":"2026-01-27T12:53:00.494+00:00","eventName":"n8n.node.started","message":"n8n.node.started","payload":{"workflowId":"PaVQk8c4eXaVDlNCBa2Nt","workflowName":"My workflow","executionId":"2","nodeType":"n8n-nodes-base.code","nodeName":"Code in JavaScript","nodeId":"cf876ac9-535d-4f5b-a1f4-f253da50aba8"}}
{"__type":"$$EventMessageConfirm","confirm":"ae0937fa-f23d-4107-ba77-f271777633ae","ts":"2026-01-27T12:53:00.494+00:00","source":{"id":"0","name":"eventBus"}}
{"__type":"$$EventMessageRunner","id":"8465e2ee-fbd0-45c1-a68d-61545875162f","ts":"2026-01-27T12:53:00.499+00:00","eventName":"n8n.runner.task.requested","message":"n8n.runner.task.requested","payload":{"taskId":"PUmD-E7B","nodeId":"cf876ac9-535d-4f5b-a1f4-f253da50aba8","workflowId":"PaVQk8c4eXaVDlNCBa2Nt","executionId":"2"}}
{"__type":"$$EventMessageConfirm","confirm":"8465e2ee-fbd0-45c1-a68d-61545875162f","ts":"2026-01-27T12:53:00.500+00:00","source":{"id":"0","name":"eventBus"}}
{"__type":"$$EventMessageRunner","id":"12438393-af72-4315-9205-6b3764f40918","ts":"2026-01-27T12:53:00.508+00:00","eventName":"n8n.runner.response.received","message":"n8n.runner.response.received","payload":{"taskId":"PUmD-E7B","nodeId":"cf876ac9-535d-4f5b-a1f4-f253da50aba8","workflowId":"PaVQk8c4eXaVDlNCBa2Nt","executionId":"2"}}
{"__type":"$$EventMessageConfirm","confirm":"12438393-af72-4315-9205-6b3764f40918","ts":"2026-01-27T12:53:00.508+00:00","source":{"id":"0","name":"eventBus"}}
{"__type":"$$EventMessageNode","id":"880883e5-1f67-4b06-a3e0-f08a4636492f","ts":"2026-01-27T12:53:00.508+00:00","eventName":"n8n.node.finished","message":"n8n.node.finished","payload":{"workflowId":"PaVQk8c4eXaVDlNCBa2Nt","workflowName":"My workflow","executionId":"2","nodeType":"n8n-nodes-base.code","nodeName":"Code in JavaScript","nodeId":"cf876ac9-535d-4f5b-a1f4-f253da50aba8"}}
{"__type":"$$EventMessageConfirm","confirm":"880883e5-1f67-4b06-a3e0-f08a4636492f","ts":"2026-01-27T12:53:00.508+00:00","source":{"id":"0","name":"eventBus"}}
{"__type":"$$EventMessageWorkflow","id":"64384ce7-c692-4101-9183-38ca014de20f","ts":"2026-01-27T12:53:00.510+00:00","eventName":"n8n.workflow.success","message":"n8n.workflow.success","payload":{"userId":"299f8590-3bfc-4e07-a09b-a0904ca242d6","executionId":"2","success":true,"isManual":true,"workflowId":"PaVQk8c4eXaVDlNCBa2Nt","workflowName":"My workflow"}}
{"__type":"$$EventMessageConfirm","confirm":"64384ce7-c692-4101-9183-38ca014de20f","ts":"2026-01-27T12:53:00.510+00:00","source":{"id":"0","name":"eventBus"}}
{"__type":"$$EventMessageAudit","id":"aa2bcf88-0ddb-48be-a591-b2b3e201cdb8","ts":"2026-01-27T12:53:01.161+00:00","eventName":"n8n.audit.workflow.updated","message":"n8n.audit.workflow.updated","payload":{"userId":"299f8590-3bfc-4e07-a09b-a0904ca242d6","_email":"grefith.gohel@e2m.solutions","_firstName":"Grefith","_lastName":"Gohel","globalRole":"global:owner","workflowId":"PaVQk8c4eXaVDlNCBa2Nt","workflowName":"My workflow"}}
{"__type":"$$EventMessageConfirm","confirm":"aa2bcf88-0ddb-48be-a591-b2b3e201cdb8","ts":"2026-01-27T12:53:01.161+00:00","source":{"id":"0","name":"eventBus"}}
{"__type":"$$EventMessageAudit","id":"566550f7-4532-4f8b-aea7-4b448f8293ad","ts":"2026-01-27T12:53:21.882+00:00","eventName":"n8n.audit.workflow.activated","message":"n8n.audit.workflow.activated","payload":{"userId":"299f8590-3bfc-4e07-a09b-a0904ca242d6","_email":"grefith.gohel@e2m.solutions","_firstName":"Grefith","_lastName":"Gohel","globalRole":"global:owner","workflowId":"PaVQk8c4eXaVDlNCBa2Nt","workflowName":"My workflow","activeVersionId":"bb3e2149-c54a-4a60-90dc-9f6a6537abe6"}}
{"__type":"$$EventMessageConfirm","confirm":"566550f7-4532-4f8b-aea7-4b448f8293ad","ts":"2026-01-27T12:53:21.882+00:00","source":{"id":"0","name":"eventBus"}}
{"__type":"$$EventMessageWorkflow","id":"7c5a067f-397a-456d-b673-0dae8f673d8d","ts":"2026-01-27T12:55:03.032+00:00","eventName":"n8n.workflow.started","message":"n8n.workflow.started","payload":{"executionId":"3","workflowId":"PaVQk8c4eXaVDlNCBa2Nt","isManual":false,"workflowName":"My workflow"}}
{"__type":"$$EventMessageConfirm","confirm":"7c5a067f-397a-456d-b673-0dae8f673d8d","ts":"2026-01-27T12:55:03.032+00:00","source":{"id":"0","name":"eventBus"}}
{"__type":"$$EventMessageAudit","id":"40b76acb-26ef-466a-b22c-d04035a805c1","ts":"2026-01-27T12:55:03.032+00:00","eventName":"n8n.audit.workflow.executed","message":"n8n.audit.workflow.executed","payload":{"workflowId":"PaVQk8c4eXaVDlNCBa2Nt","workflowName":"My workflow","executionId":"3","source":"trigger"}}
{"__type":"$$EventMessageConfirm","confirm":"40b76acb-26ef-466a-b22c-d04035a805c1","ts":"2026-01-27T12:55:03.032+00:00","source":{"id":"0","name":"eventBus"}}
{"__type":"$$EventMessageNode","id":"63394a36-6b31-4310-a31f-bb803a0f5683","ts":"2026-01-27T12:55:03.032+00:00","eventName":"n8n.node.started","message":"n8n.node.started","payload":{"workflowId":"PaVQk8c4eXaVDlNCBa2Nt","workflowName":"My workflow","executionId":"3","nodeType":"n8n-nodes-base.scheduleTrigger","nodeName":"Schedule Trigger","nodeId":"7f67ee83-9f19-493f-8750-55936c1960b8"}}
{"__type":"$$EventMessageConfirm","confirm":"63394a36-6b31-4310-a31f-bb803a0f5683","ts":"2026-01-27T12:55:03.032+00:00","source":{"id":"0","name":"eventBus"}}
{"__type":"$$EventMessageNode","id":"ba1503b8-8e78-489b-a9a7-dfdaf76b48ae","ts":"2026-01-27T12:55:03.033+00:00","eventName":"n8n.node.finished","message":"n8n.node.finished","payload":{"workflowId":"PaVQk8c4eXaVDlNCBa2Nt","workflowName":"My workflow","executionId":"3","nodeType":"n8n-nodes-base.scheduleTrigger","nodeName":"Schedule Trigger","nodeId":"7f67ee83-9f19-493f-8750-55936c1960b8"}}
{"__type":"$$EventMessageConfirm","confirm":"ba1503b8-8e78-489b-a9a7-dfdaf76b48ae","ts":"2026-01-27T12:55:03.033+00:00","source":{"id":"0","name":"eventBus"}}
{"__type":"$$EventMessageNode","id":"46390bdd-e91d-4fb7-a20e-6706c4165178","ts":"2026-01-27T12:55:03.033+00:00","eventName":"n8n.node.started","message":"n8n.node.started","payload":{"workflowId":"PaVQk8c4eXaVDlNCBa2Nt","workflowName":"My workflow","executionId":"3","nodeType":"n8n-nodes-base.code","nodeName":"Code in JavaScript","nodeId":"cf876ac9-535d-4f5b-a1f4-f253da50aba8"}}
{"__type":"$$EventMessageConfirm","confirm":"46390bdd-e91d-4fb7-a20e-6706c4165178","ts":"2026-01-27T12:55:03.033+00:00","source":{"id":"0","name":"eventBus"}}
{"__type":"$$EventMessageRunner","id":"1a40517b-1343-4c1c-9cac-61716328e7a7","ts":"2026-01-27T12:55:03.034+00:00","eventName":"n8n.runner.task.requested","message":"n8n.runner.task.requested","payload":{"taskId":"JZaVjQAh","nodeId":"cf876ac9-535d-4f5b-a1f4-f253da50aba8","workflowId":"PaVQk8c4eXaVDlNCBa2Nt","executionId":"3"}}
{"__type":"$$EventMessageConfirm","confirm":"1a40517b-1343-4c1c-9cac-61716328e7a7","ts":"2026-01-27T12:55:03.034+00:00","source":{"id":"0","name":"eventBus"}}
{"__type":"$$EventMessageRunner","id":"b0d9e859-95f6-4d4f-ad54-c066b8190e4d","ts":"2026-01-27T12:55:03.037+00:00","eventName":"n8n.runner.response.received","message":"n8n.runner.response.received","payload":{"taskId":"JZaVjQAh","nodeId":"cf876ac9-535d-4f5b-a1f4-f253da50aba8","workflowId":"PaVQk8c4eXaVDlNCBa2Nt","executionId":"3"}}
{"__type":"$$EventMessageConfirm","confirm":"b0d9e859-95f6-4d4f-ad54-c066b8190e4d","ts":"2026-01-27T12:55:03.037+00:00","source":{"id":"0","name":"eventBus"}}
{"__type":"$$EventMessageNode","id":"98b3bb0f-6b41-44e7-95e3-ecc609002307","ts":"2026-01-27T12:55:03.037+00:00","eventName":"n8n.node.finished","message":"n8n.node.finished","payload":{"workflowId":"PaVQk8c4eXaVDlNCBa2Nt","workflowName":"My workflow","executionId":"3","nodeType":"n8n-nodes-base.code","nodeName":"Code in JavaScript","nodeId":"cf876ac9-535d-4f5b-a1f4-f253da50aba8"}}
{"__type":"$$EventMessageConfirm","confirm":"98b3bb0f-6b41-44e7-95e3-ecc609002307","ts":"2026-01-27T12:55:03.038+00:00","source":{"id":"0","name":"eventBus"}}
{"__type":"$$EventMessageWorkflow","id":"7e080508-b890-4694-b096-76acc9f92400","ts":"2026-01-27T12:55:03.038+00:00","eventName":"n8n.workflow.success","message":"n8n.workflow.success","payload":{"executionId":"3","success":true,"isManual":false,"workflowId":"PaVQk8c4eXaVDlNCBa2Nt","workflowName":"My workflow"}}
{"__type":"$$EventMessageConfirm","confirm":"7e080508-b890-4694-b096-76acc9f92400","ts":"2026-01-27T12:55:03.038+00:00","source":{"id":"0","name":"eventBus"}}
{"__type":"$$EventMessageWorkflow","id":"364ef0f1-b231-47f3-acf1-672837002afd","ts":"2026-01-27T13:00:03.036+00:00","eventName":"n8n.workflow.started","message":"n8n.workflow.started","payload":{"executionId":"4","workflowId":"PaVQk8c4eXaVDlNCBa2Nt","isManual":false,"workflowName":"My workflow"}}
{"__type":"$$EventMessageConfirm","confirm":"364ef0f1-b231-47f3-acf1-672837002afd","ts":"2026-01-27T13:00:03.036+00:00","source":{"id":"0","name":"eventBus"}}
{"__type":"$$EventMessageAudit","id":"664fc761-e56c-45c2-8052-d0a676f9102b","ts":"2026-01-27T13:00:03.036+00:00","eventName":"n8n.audit.workflow.executed","message":"n8n.audit.workflow.executed","payload":{"workflowId":"PaVQk8c4eXaVDlNCBa2Nt","workflowName":"My workflow","executionId":"4","source":"trigger"}}
{"__type":"$$EventMessageConfirm","confirm":"664fc761-e56c-45c2-8052-d0a676f9102b","ts":"2026-01-27T13:00:03.036+00:00","source":{"id":"0","name":"eventBus"}}
{"__type":"$$EventMessageNode","id":"888cf90e-c0f0-427e-924f-662c6c1e0ce5","ts":"2026-01-27T13:00:03.036+00:00","eventName":"n8n.node.started","message":"n8n.node.started","payload":{"workflowId":"PaVQk8c4eXaVDlNCBa2Nt","workflowName":"My workflow","executionId":"4","nodeType":"n8n-nodes-base.scheduleTrigger","nodeName":"Schedule Trigger","nodeId":"7f67ee83-9f19-493f-8750-55936c1960b8"}}
{"__type":"$$EventMessageConfirm","confirm":"888cf90e-c0f0-427e-924f-662c6c1e0ce5","ts":"2026-01-27T13:00:03.036+00:00","source":{"id":"0","name":"eventBus"}}
{"__type":"$$EventMessageNode","id":"7077a6f0-5991-432e-9719-bfac861f7cee","ts":"2026-01-27T13:00:03.037+00:00","eventName":"n8n.node.finished","message":"n8n.node.finished","payload":{"workflowId":"PaVQk8c4eXaVDlNCBa2Nt","workflowName":"My workflow","executionId":"4","nodeType":"n8n-nodes-base.scheduleTrigger","nodeName":"Schedule Trigger","nodeId":"7f67ee83-9f19-493f-8750-55936c1960b8"}}
{"__type":"$$EventMessageConfirm","confirm":"7077a6f0-5991-432e-9719-bfac861f7cee","ts":"2026-01-27T13:00:03.037+00:00","source":{"id":"0","name":"eventBus"}}
{"__type":"$$EventMessageNode","id":"aa4da5c5-8884-4a39-8897-f9abcd2ee968","ts":"2026-01-27T13:00:03.037+00:00","eventName":"n8n.node.started","message":"n8n.node.started","payload":{"workflowId":"PaVQk8c4eXaVDlNCBa2Nt","workflowName":"My workflow","executionId":"4","nodeType":"n8n-nodes-base.code","nodeName":"Code in JavaScript","nodeId":"cf876ac9-535d-4f5b-a1f4-f253da50aba8"}}
{"__type":"$$EventMessageConfirm","confirm":"aa4da5c5-8884-4a39-8897-f9abcd2ee968","ts":"2026-01-27T13:00:03.037+00:00","source":{"id":"0","name":"eventBus"}}
{"__type":"$$EventMessageRunner","id":"e3b5e643-cf12-4f16-9a4b-3ca3c8f4ed27","ts":"2026-01-27T13:00:03.038+00:00","eventName":"n8n.runner.task.requested","message":"n8n.runner.task.requested","payload":{"taskId":"bC7RKHbC","nodeId":"cf876ac9-535d-4f5b-a1f4-f253da50aba8","workflowId":"PaVQk8c4eXaVDlNCBa2Nt","executionId":"4"}}
{"__type":"$$EventMessageConfirm","confirm":"e3b5e643-cf12-4f16-9a4b-3ca3c8f4ed27","ts":"2026-01-27T13:00:03.038+00:00","source":{"id":"0","name":"eventBus"}}
{"__type":"$$EventMessageRunner","id":"a6e96a83-dba0-4079-8fe1-f3677e4bd997","ts":"2026-01-27T13:00:03.041+00:00","eventName":"n8n.runner.response.received","message":"n8n.runner.response.received","payload":{"taskId":"bC7RKHbC","nodeId":"cf876ac9-535d-4f5b-a1f4-f253da50aba8","workflowId":"PaVQk8c4eXaVDlNCBa2Nt","executionId":"4"}}
{"__type":"$$EventMessageConfirm","confirm":"a6e96a83-dba0-4079-8fe1-f3677e4bd997","ts":"2026-01-27T13:00:03.041+00:00","source":{"id":"0","name":"eventBus"}}
{"__type":"$$EventMessageNode","id":"f437cf79-7cd3-49b3-8160-3cd33782b08b","ts":"2026-01-27T13:00:03.041+00:00","eventName":"n8n.node.finished","message":"n8n.node.finished","payload":{"workflowId":"PaVQk8c4eXaVDlNCBa2Nt","workflowName":"My workflow","executionId":"4","nodeType":"n8n-nodes-base.code","nodeName":"Code in JavaScript","nodeId":"cf876ac9-535d-4f5b-a1f4-f253da50aba8"}}
{"__type":"$$EventMessageConfirm","confirm":"f437cf79-7cd3-49b3-8160-3cd33782b08b","ts":"2026-01-27T13:00:03.041+00:00","source":{"id":"0","name":"eventBus"}}
{"__type":"$$EventMessageWorkflow","id":"08e11d38-da14-417d-b6c6-79da23c56672","ts":"2026-01-27T13:00:03.041+00:00","eventName":"n8n.workflow.success","message":"n8n.workflow.success","payload":{"executionId":"4","success":true,"isManual":false,"workflowId":"PaVQk8c4eXaVDlNCBa2Nt","workflowName":"My workflow"}}
{"__type":"$$EventMessageConfirm","confirm":"08e11d38-da14-417d-b6c6-79da23c56672","ts":"2026-01-27T13:00:03.041+00:00","source":{"id":"0","name":"eventBus"}}
{"__type":"$$EventMessageWorkflow","id":"2cbe6901-734a-4ae1-9998-6eb903a1855f","ts":"2026-01-27T13:05:03.024+00:00","eventName":"n8n.workflow.started","message":"n8n.workflow.started","payload":{"executionId":"5","workflowId":"PaVQk8c4eXaVDlNCBa2Nt","isManual":false,"workflowName":"My workflow"}}
{"__type":"$$EventMessageConfirm","confirm":"2cbe6901-734a-4ae1-9998-6eb903a1855f","ts":"2026-01-27T13:05:03.024+00:00","source":{"id":"0","name":"eventBus"}}
{"__type":"$$EventMessageAudit","id":"b1076bde-0aba-46c2-aa9a-5f6bd21e6759","ts":"2026-01-27T13:05:03.024+00:00","eventName":"n8n.audit.workflow.executed","message":"n8n.audit.workflow.executed","payload":{"workflowId":"PaVQk8c4eXaVDlNCBa2Nt","workflowName":"My workflow","executionId":"5","source":"trigger"}}
{"__type":"$$EventMessageConfirm","confirm":"b1076bde-0aba-46c2-aa9a-5f6bd21e6759","ts":"2026-01-27T13:05:03.024+00:00","source":{"id":"0","name":"eventBus"}}
{"__type":"$$EventMessageNode","id":"09fe2b9d-98a0-4b0a-b070-1194a52e4059","ts":"2026-01-27T13:05:03.024+00:00","eventName":"n8n.node.started","message":"n8n.node.started","payload":{"workflowId":"PaVQk8c4eXaVDlNCBa2Nt","workflowName":"My workflow","executionId":"5","nodeType":"n8n-nodes-base.scheduleTrigger","nodeName":"Schedule Trigger","nodeId":"7f67ee83-9f19-493f-8750-55936c1960b8"}}
{"__type":"$$EventMessageConfirm","confirm":"09fe2b9d-98a0-4b0a-b070-1194a52e4059","ts":"2026-01-27T13:05:03.024+00:00","source":{"id":"0","name":"eventBus"}}
{"__type":"$$EventMessageNode","id":"9c3989dd-baed-4384-8046-fcd5f124c5e4","ts":"2026-01-27T13:05:03.024+00:00","eventName":"n8n.node.finished","message":"n8n.node.finished","payload":{"workflowId":"PaVQk8c4eXaVDlNCBa2Nt","workflowName":"My workflow","executionId":"5","nodeType":"n8n-nodes-base.scheduleTrigger","nodeName":"Schedule Trigger","nodeId":"7f67ee83-9f19-493f-8750-55936c1960b8"}}
{"__type":"$$EventMessageConfirm","confirm":"9c3989dd-baed-4384-8046-fcd5f124c5e4","ts":"2026-01-27T13:05:03.024+00:00","source":{"id":"0","name":"eventBus"}}
{"__type":"$$EventMessageNode","id":"2fcb50b0-30d9-4793-810e-97521901c976","ts":"2026-01-27T13:05:03.025+00:00","eventName":"n8n.node.started","message":"n8n.node.started","payload":{"workflowId":"PaVQk8c4eXaVDlNCBa2Nt","workflowName":"My workflow","executionId":"5","nodeType":"n8n-nodes-base.code","nodeName":"Code in JavaScript","nodeId":"cf876ac9-535d-4f5b-a1f4-f253da50aba8"}}
{"__type":"$$EventMessageConfirm","confirm":"2fcb50b0-30d9-4793-810e-97521901c976","ts":"2026-01-27T13:05:03.025+00:00","source":{"id":"0","name":"eventBus"}}
{"__type":"$$EventMessageRunner","id":"535d5892-1ab6-4988-bcc8-297bf3151a96","ts":"2026-01-27T13:05:03.026+00:00","eventName":"n8n.runner.task.requested","message":"n8n.runner.task.requested","payload":{"taskId":"kuf3YXgc","nodeId":"cf876ac9-535d-4f5b-a1f4-f253da50aba8","workflowId":"PaVQk8c4eXaVDlNCBa2Nt","executionId":"5"}}
{"__type":"$$EventMessageConfirm","confirm":"535d5892-1ab6-4988-bcc8-297bf3151a96","ts":"2026-01-27T13:05:03.026+00:00","source":{"id":"0","name":"eventBus"}}
{"__type":"$$EventMessageRunner","id":"f18e3ac6-d393-45ca-8029-fa303f51032a","ts":"2026-01-27T13:05:03.030+00:00","eventName":"n8n.runner.response.received","message":"n8n.runner.response.received","payload":{"taskId":"kuf3YXgc","nodeId":"cf876ac9-535d-4f5b-a1f4-f253da50aba8","workflowId":"PaVQk8c4eXaVDlNCBa2Nt","executionId":"5"}}
{"__type":"$$EventMessageConfirm","confirm":"f18e3ac6-d393-45ca-8029-fa303f51032a","ts":"2026-01-27T13:05:03.030+00:00","source":{"id":"0","name":"eventBus"}}
{"__type":"$$EventMessageNode","id":"2abd917b-1568-45da-b530-cba7d22108a3","ts":"2026-01-27T13:05:03.030+00:00","eventName":"n8n.node.finished","message":"n8n.node.finished","payload":{"workflowId":"PaVQk8c4eXaVDlNCBa2Nt","workflowName":"My workflow","executionId":"5","nodeType":"n8n-nodes-base.code","nodeName":"Code in JavaScript","nodeId":"cf876ac9-535d-4f5b-a1f4-f253da50aba8"}}
{"__type":"$$EventMessageConfirm","confirm":"2abd917b-1568-45da-b530-cba7d22108a3","ts":"2026-01-27T13:05:03.030+00:00","source":{"id":"0","name":"eventBus"}}
{"__type":"$$EventMessageWorkflow","id":"16232627-6895-40da-8f7f-39027e4c4509","ts":"2026-01-27T13:05:03.031+00:00","eventName":"n8n.workflow.success","message":"n8n.workflow.success","payload":{"executionId":"5","success":true,"isManual":false,"workflowId":"PaVQk8c4eXaVDlNCBa2Nt","workflowName":"My workflow"}}
{"__type":"$$EventMessageConfirm","confirm":"16232627-6895-40da-8f7f-39027e4c4509","ts":"2026-01-27T13:05:03.031+00:00","source":{"id":"0","name":"eventBus"}}
{"__type":"$$EventMessageWorkflow","id":"b7e78d5f-9409-4fc1-ba67-49cd74501653","ts":"2026-01-27T13:10:03.043+00:00","eventName":"n8n.workflow.started","message":"n8n.workflow.started","payload":{"executionId":"6","workflowId":"PaVQk8c4eXaVDlNCBa2Nt","isManual":false,"workflowName":"My workflow"}}
{"__type":"$$EventMessageConfirm","confirm":"b7e78d5f-9409-4fc1-ba67-49cd74501653","ts":"2026-01-27T13:10:03.043+00:00","source":{"id":"0","name":"eventBus"}}
{"__type":"$$EventMessageAudit","id":"1ed1356b-f110-4393-b3be-975002aa9dc9","ts":"2026-01-27T13:10:03.043+00:00","eventName":"n8n.audit.workflow.executed","message":"n8n.audit.workflow.executed","payload":{"workflowId":"PaVQk8c4eXaVDlNCBa2Nt","workflowName":"My workflow","executionId":"6","source":"trigger"}}
{"__type":"$$EventMessageConfirm","confirm":"1ed1356b-f110-4393-b3be-975002aa9dc9","ts":"2026-01-27T13:10:03.043+00:00","source":{"id":"0","name":"eventBus"}}
{"__type":"$$EventMessageNode","id":"874a2fa8-300d-4779-9053-d5790f400497","ts":"2026-01-27T13:10:03.043+00:00","eventName":"n8n.node.started","message":"n8n.node.started","payload":{"workflowId":"PaVQk8c4eXaVDlNCBa2Nt","workflowName":"My workflow","executionId":"6","nodeType":"n8n-nodes-base.scheduleTrigger","nodeName":"Schedule Trigger","nodeId":"7f67ee83-9f19-493f-8750-55936c1960b8"}}
{"__type":"$$EventMessageConfirm","confirm":"874a2fa8-300d-4779-9053-d5790f400497","ts":"2026-01-27T13:10:03.043+00:00","source":{"id":"0","name":"eventBus"}}
{"__type":"$$EventMessageNode","id":"350a9e59-3304-4f99-92e9-69727aaafe0e","ts":"2026-01-27T13:10:03.043+00:00","eventName":"n8n.node.finished","message":"n8n.node.finished","payload":{"workflowId":"PaVQk8c4eXaVDlNCBa2Nt","workflowName":"My workflow","executionId":"6","nodeType":"n8n-nodes-base.scheduleTrigger","nodeName":"Schedule Trigger","nodeId":"7f67ee83-9f19-493f-8750-55936c1960b8"}}
{"__type":"$$EventMessageConfirm","confirm":"350a9e59-3304-4f99-92e9-69727aaafe0e","ts":"2026-01-27T13:10:03.043+00:00","source":{"id":"0","name":"eventBus"}}
{"__type":"$$EventMessageNode","id":"72e9220d-1e90-4181-9c64-4bba78368840","ts":"2026-01-27T13:10:03.044+00:00","eventName":"n8n.node.started","message":"n8n.node.started","payload":{"workflowId":"PaVQk8c4eXaVDlNCBa2Nt","workflowName":"My workflow","executionId":"6","nodeType":"n8n-nodes-base.code","nodeName":"Code in JavaScript","nodeId":"cf876ac9-535d-4f5b-a1f4-f253da50aba8"}}
{"__type":"$$EventMessageConfirm","confirm":"72e9220d-1e90-4181-9c64-4bba78368840","ts":"2026-01-27T13:10:03.044+00:00","source":{"id":"0","name":"eventBus"}}
{"__type":"$$EventMessageRunner","id":"f5480b33-41a9-406c-ae54-f950bdbcfc17","ts":"2026-01-27T13:10:03.045+00:00","eventName":"n8n.runner.task.requested","message":"n8n.runner.task.requested","payload":{"taskId":"QNbvDYgk","nodeId":"cf876ac9-535d-4f5b-a1f4-f253da50aba8","workflowId":"PaVQk8c4eXaVDlNCBa2Nt","executionId":"6"}}
{"__type":"$$EventMessageConfirm","confirm":"f5480b33-41a9-406c-ae54-f950bdbcfc17","ts":"2026-01-27T13:10:03.045+00:00","source":{"id":"0","name":"eventBus"}}
{"__type":"$$EventMessageRunner","id":"4725fcde-da64-4632-93d4-9eb5f12b4391","ts":"2026-01-27T13:10:03.048+00:00","eventName":"n8n.runner.response.received","message":"n8n.runner.response.received","payload":{"taskId":"QNbvDYgk","nodeId":"cf876ac9-535d-4f5b-a1f4-f253da50aba8","workflowId":"PaVQk8c4eXaVDlNCBa2Nt","executionId":"6"}}
{"__type":"$$EventMessageConfirm","confirm":"4725fcde-da64-4632-93d4-9eb5f12b4391","ts":"2026-01-27T13:10:03.049+00:00","source":{"id":"0","name":"eventBus"}}
{"__type":"$$EventMessageNode","id":"4437928f-d419-4002-89c5-f6b6cc483f92","ts":"2026-01-27T13:10:03.049+00:00","eventName":"n8n.node.finished","message":"n8n.node.finished","payload":{"workflowId":"PaVQk8c4eXaVDlNCBa2Nt","workflowName":"My workflow","executionId":"6","nodeType":"n8n-nodes-base.code","nodeName":"Code in JavaScript","nodeId":"cf876ac9-535d-4f5b-a1f4-f253da50aba8"}}
{"__type":"$$EventMessageConfirm","confirm":"4437928f-d419-4002-89c5-f6b6cc483f92","ts":"2026-01-27T13:10:03.049+00:00","source":{"id":"0","name":"eventBus"}}
{"__type":"$$EventMessageWorkflow","id":"7522aca7-6b6d-40a2-b275-4a7035b4345e","ts":"2026-01-27T13:10:03.049+00:00","eventName":"n8n.workflow.success","message":"n8n.workflow.success","payload":{"executionId":"6","success":true,"isManual":false,"workflowId":"PaVQk8c4eXaVDlNCBa2Nt","workflowName":"My workflow"}}
{"__type":"$$EventMessageConfirm","confirm":"7522aca7-6b6d-40a2-b275-4a7035b4345e","ts":"2026-01-27T13:10:03.049+00:00","source":{"id":"0","name":"eventBus"}}
{"__type":"$$EventMessageWorkflow","id":"98a2df3d-75aa-4228-9b5b-4e1ef92782f9","ts":"2026-01-27T13:14:32.963+00:00","eventName":"n8n.workflow.started","message":"n8n.workflow.started","payload":{"executionId":"7","workflowId":"PaVQk8c4eXaVDlNCBa2Nt","isManual":false,"workflowName":"My workflow"}}
{"__type":"$$EventMessageConfirm","confirm":"98a2df3d-75aa-4228-9b5b-4e1ef92782f9","ts":"2026-01-27T13:14:32.963+00:00","source":{"id":"0","name":"eventBus"}}
{"__type":"$$EventMessageAudit","id":"8e8fd23f-f1c8-4bec-9902-727750eef829","ts":"2026-01-27T13:14:32.964+00:00","eventName":"n8n.audit.workflow.executed","message":"n8n.audit.workflow.executed","payload":{"userId":"299f8590-3bfc-4e07-a09b-a0904ca242d6","_email":"grefith.gohel@e2m.solutions","_firstName":"Grefith","_lastName":"Gohel","globalRole":"global:owner","workflowId":"PaVQk8c4eXaVDlNCBa2Nt","workflowName":"My workflow","executionId":"7","source":"user-manual"}}
{"__type":"$$EventMessageConfirm","confirm":"8e8fd23f-f1c8-4bec-9902-727750eef829","ts":"2026-01-27T13:14:32.964+00:00","source":{"id":"0","name":"eventBus"}}
{"__type":"$$EventMessageNode","id":"9fe3c6af-19f2-4800-9e64-4786e71cc697","ts":"2026-01-27T13:14:32.964+00:00","eventName":"n8n.node.started","message":"n8n.node.started","payload":{"workflowId":"PaVQk8c4eXaVDlNCBa2Nt","workflowName":"My workflow","executionId":"7","nodeType":"n8n-nodes-base.code","nodeName":"Code in JavaScript","nodeId":"cf876ac9-535d-4f5b-a1f4-f253da50aba8"}}
{"__type":"$$EventMessageConfirm","confirm":"9fe3c6af-19f2-4800-9e64-4786e71cc697","ts":"2026-01-27T13:14:32.964+00:00","source":{"id":"0","name":"eventBus"}}
{"__type":"$$EventMessageRunner","id":"a8b89d72-3ef5-4b34-baee-f87a0647957e","ts":"2026-01-27T13:14:32.965+00:00","eventName":"n8n.runner.task.requested","message":"n8n.runner.task.requested","payload":{"taskId":"tht_rlbD","nodeId":"cf876ac9-535d-4f5b-a1f4-f253da50aba8","workflowId":"PaVQk8c4eXaVDlNCBa2Nt","executionId":"7"}}
{"__type":"$$EventMessageConfirm","confirm":"a8b89d72-3ef5-4b34-baee-f87a0647957e","ts":"2026-01-27T13:14:32.965+00:00","source":{"id":"0","name":"eventBus"}}
{"__type":"$$EventMessageRunner","id":"f9305561-275c-474e-94b8-9b37db456127","ts":"2026-01-27T13:14:32.968+00:00","eventName":"n8n.runner.response.received","message":"n8n.runner.response.received","payload":{"taskId":"tht_rlbD","nodeId":"cf876ac9-535d-4f5b-a1f4-f253da50aba8","workflowId":"PaVQk8c4eXaVDlNCBa2Nt","executionId":"7"}}
{"__type":"$$EventMessageConfirm","confirm":"f9305561-275c-474e-94b8-9b37db456127","ts":"2026-01-27T13:14:32.968+00:00","source":{"id":"0","name":"eventBus"}}
{"__type":"$$EventMessageNode","id":"0ae064d4-d065-4284-adc9-2c6ee2996ff3","ts":"2026-01-27T13:14:32.968+00:00","eventName":"n8n.node.finished","message":"n8n.node.finished","payload":{"workflowId":"PaVQk8c4eXaVDlNCBa2Nt","workflowName":"My workflow","executionId":"7","nodeType":"n8n-nodes-base.code","nodeName":"Code in JavaScript","nodeId":"cf876ac9-535d-4f5b-a1f4-f253da50aba8"}}
{"__type":"$$EventMessageConfirm","confirm":"0ae064d4-d065-4284-adc9-2c6ee2996ff3","ts":"2026-01-27T13:14:32.969+00:00","source":{"id":"0","name":"eventBus"}}
{"__type":"$$EventMessageWorkflow","id":"a464da0d-0a66-4e9a-97be-86e89b3de245","ts":"2026-01-27T13:14:32.970+00:00","eventName":"n8n.workflow.success","message":"n8n.workflow.success","payload":{"userId":"299f8590-3bfc-4e07-a09b-a0904ca242d6","executionId":"7","success":true,"isManual":true,"workflowId":"PaVQk8c4eXaVDlNCBa2Nt","workflowName":"My workflow"}}
{"__type":"$$EventMessageConfirm","confirm":"a464da0d-0a66-4e9a-97be-86e89b3de245","ts":"2026-01-27T13:14:32.970+00:00","source":{"id":"0","name":"eventBus"}}
{"__type":"$$EventMessageWorkflow","id":"ba2e87d8-341b-4986-94d9-f2e4c9fed2b2","ts":"2026-01-27T13:15:03.031+00:00","eventName":"n8n.workflow.started","message":"n8n.workflow.started","payload":{"executionId":"8","workflowId":"PaVQk8c4eXaVDlNCBa2Nt","isManual":false,"workflowName":"My workflow"}}
{"__type":"$$EventMessageConfirm","confirm":"ba2e87d8-341b-4986-94d9-f2e4c9fed2b2","ts":"2026-01-27T13:15:03.031+00:00","source":{"id":"0","name":"eventBus"}}
{"__type":"$$EventMessageAudit","id":"c1c860fe-14ad-4dfb-9d7a-79adc8542367","ts":"2026-01-27T13:15:03.031+00:00","eventName":"n8n.audit.workflow.executed","message":"n8n.audit.workflow.executed","payload":{"workflowId":"PaVQk8c4eXaVDlNCBa2Nt","workflowName":"My workflow","executionId":"8","source":"trigger"}}
{"__type":"$$EventMessageConfirm","confirm":"c1c860fe-14ad-4dfb-9d7a-79adc8542367","ts":"2026-01-27T13:15:03.032+00:00","source":{"id":"0","name":"eventBus"}}
{"__type":"$$EventMessageNode","id":"85218390-8d1b-49ca-862a-03e1a37d6b48","ts":"2026-01-27T13:15:03.032+00:00","eventName":"n8n.node.started","message":"n8n.node.started","payload":{"workflowId":"PaVQk8c4eXaVDlNCBa2Nt","workflowName":"My workflow","executionId":"8","nodeType":"n8n-nodes-base.scheduleTrigger","nodeName":"Schedule Trigger","nodeId":"7f67ee83-9f19-493f-8750-55936c1960b8"}}
{"__type":"$$EventMessageConfirm","confirm":"85218390-8d1b-49ca-862a-03e1a37d6b48","ts":"2026-01-27T13:15:03.032+00:00","source":{"id":"0","name":"eventBus"}}
{"__type":"$$EventMessageNode","id":"24d3fcc4-161b-4c95-ae4c-ec1d2a3e4d66","ts":"2026-01-27T13:15:03.032+00:00","eventName":"n8n.node.finished","message":"n8n.node.finished","payload":{"workflowId":"PaVQk8c4eXaVDlNCBa2Nt","workflowName":"My workflow","executionId":"8","nodeType":"n8n-nodes-base.scheduleTrigger","nodeName":"Schedule Trigger","nodeId":"7f67ee83-9f19-493f-8750-55936c1960b8"}}
{"__type":"$$EventMessageConfirm","confirm":"24d3fcc4-161b-4c95-ae4c-ec1d2a3e4d66","ts":"2026-01-27T13:15:03.032+00:00","source":{"id":"0","name":"eventBus"}}
{"__type":"$$EventMessageNode","id":"c7bfddec-2a36-461b-bfc9-8ee766f90687","ts":"2026-01-27T13:15:03.032+00:00","eventName":"n8n.node.started","message":"n8n.node.started","payload":{"workflowId":"PaVQk8c4eXaVDlNCBa2Nt","workflowName":"My workflow","executionId":"8","nodeType":"n8n-nodes-base.code","nodeName":"Code in JavaScript","nodeId":"cf876ac9-535d-4f5b-a1f4-f253da50aba8"}}
{"__type":"$$EventMessageConfirm","confirm":"c7bfddec-2a36-461b-bfc9-8ee766f90687","ts":"2026-01-27T13:15:03.032+00:00","source":{"id":"0","name":"eventBus"}}
{"__type":"$$EventMessageRunner","id":"48d75e92-0c45-4947-ba89-e72663d234c1","ts":"2026-01-27T13:15:03.033+00:00","eventName":"n8n.runner.task.requested","message":"n8n.runner.task.requested","payload":{"taskId":"C1ZK3wWd","nodeId":"cf876ac9-535d-4f5b-a1f4-f253da50aba8","workflowId":"PaVQk8c4eXaVDlNCBa2Nt","executionId":"8"}}
{"__type":"$$EventMessageConfirm","confirm":"48d75e92-0c45-4947-ba89-e72663d234c1","ts":"2026-01-27T13:15:03.033+00:00","source":{"id":"0","name":"eventBus"}}
{"__type":"$$EventMessageRunner","id":"1ccd4f0f-cfb1-47ca-a422-b1f3a23ddb54","ts":"2026-01-27T13:15:03.036+00:00","eventName":"n8n.runner.response.received","message":"n8n.runner.response.received","payload":{"taskId":"C1ZK3wWd","nodeId":"cf876ac9-535d-4f5b-a1f4-f253da50aba8","workflowId":"PaVQk8c4eXaVDlNCBa2Nt","executionId":"8"}}
{"__type":"$$EventMessageConfirm","confirm":"1ccd4f0f-cfb1-47ca-a422-b1f3a23ddb54","ts":"2026-01-27T13:15:03.036+00:00","source":{"id":"0","name":"eventBus"}}
{"__type":"$$EventMessageNode","id":"4db84728-a57e-4359-b232-73e41256400f","ts":"2026-01-27T13:15:03.036+00:00","eventName":"n8n.node.finished","message":"n8n.node.finished","payload":{"workflowId":"PaVQk8c4eXaVDlNCBa2Nt","workflowName":"My workflow","executionId":"8","nodeType":"n8n-nodes-base.code","nodeName":"Code in JavaScript","nodeId":"cf876ac9-535d-4f5b-a1f4-f253da50aba8"}}
{"__type":"$$EventMessageConfirm","confirm":"4db84728-a57e-4359-b232-73e41256400f","ts":"2026-01-27T13:15:03.036+00:00","source":{"id":"0","name":"eventBus"}}
{"__type":"$$EventMessageWorkflow","id":"b566ef68-603b-469f-9203-957d8ed95803","ts":"2026-01-27T13:15:03.036+00:00","eventName":"n8n.workflow.success","message":"n8n.workflow.success","payload":{"executionId":"8","success":true,"isManual":false,"workflowId":"PaVQk8c4eXaVDlNCBa2Nt","workflowName":"My workflow"}}
{"__type":"$$EventMessageConfirm","confirm":"b566ef68-603b-469f-9203-957d8ed95803","ts":"2026-01-27T13:15:03.036+00:00","source":{"id":"0","name":"eventBus"}}
{"__type":"$$EventMessageAudit","id":"85d35333-8e71-446e-9a0a-b330ae3626bd","ts":"2026-01-27T13:17:45.098+00:00","eventName":"n8n.audit.workflow.updated","message":"n8n.audit.workflow.updated","payload":{"userId":"299f8590-3bfc-4e07-a09b-a0904ca242d6","_email":"grefith.gohel@e2m.solutions","_firstName":"Grefith","_lastName":"Gohel","globalRole":"global:owner","workflowId":"PaVQk8c4eXaVDlNCBa2Nt","workflowName":"Task_Test"}}
{"__type":"$$EventMessageConfirm","confirm":"85d35333-8e71-446e-9a0a-b330ae3626bd","ts":"2026-01-27T13:17:45.098+00:00","source":{"id":"0","name":"eventBus"}}
